Warning: Permanently added 'p1405,172.16.26.213' (ECDSA) to the list of known hosts.
Warning: Permanently added 'q1312,172.16.27.172' (ECDSA) to the list of known hosts.
┌ Info: 
│  * * * * * * * * * * * * * * * * * * * * * * * * * * * * * * * * * * * * * * * * * * * * * * 
│ 
│      _       _      ______      _______                    _______         ____
│     |+\     |+|    /+/  \+\    |+|   \+\    |+|=======    |+|===\+\       /+/\+\
│     |++\    |+|   |+|    |+|   |+|    \+\   |+|           |+|    |+|     /+/  \+\
│     |+ +\   |+|   |+|    |+|   |+|    |+|   |+|=======    |+|====/      |+|    |+|
│     |+|\+\  |+|   |+|    |+|   |+|    |+|   |+|           |+|    |+|    |+|====|+|
│     |+| \+\ |+|   |+|    |+|   |+|    /+/   |+|           |+|    /+/    |+|    |+|
│     |+|  \+\|+|    \+\__/+/    |+|___/+/    |+|=======    |+|===/+/     |+|    |+|
│ 
│      . . . . . . . . . . . . . NODEBA : KEEP YOUR NODES BUSY . . . . . . . . . . . . .
│      . . . . . . . . . . . . . AUTHOR : YUNLONG LIAN . . . . . . . . . . . . . . . . .
│ 
│     nodeba.jl  Version 0.1
│ 
└  * * * * * * * * * * * * * * * * * * * * * * * * * * * * * * * * * * * * * * * * * * * * * * 
┌ Info: 
│ --------------- NODE  INFO ----------------
│ 
│ Number of nodes : 640
│ Master node : id=1, hostname=p1405.para.bscc
│ 2 : id=2, hostname=p1405.para.bscc
│ 3 : id=3, hostname=p1711.para.bscc
│ 4 : id=4, hostname=r2510.para.bscc
│ 5 : id=5, hostname=q1312.para.bscc
│ 6 : id=6, hostname=r2415.para.bscc
│ 7 : id=7, hostname=q1802.para.bscc
│ 8 : id=8, hostname=p2414.para.bscc
│ 9 : id=9, hostname=r2402.para.bscc
│ 10 : id=10, hostname=r2301.para.bscc
│ 11 : id=11, hostname=q1606.para.bscc
│ 12 : id=12, hostname=p1405.para.bscc
│ 13 : id=13, hostname=p1405.para.bscc
│ 14 : id=14, hostname=p1405.para.bscc
│ 15 : id=15, hostname=p1405.para.bscc
│ 16 : id=16, hostname=p1405.para.bscc
│ 17 : id=17, hostname=p1405.para.bscc
│ 18 : id=18, hostname=p1405.para.bscc
│ 19 : id=19, hostname=p1405.para.bscc
│ 20 : id=20, hostname=p1405.para.bscc
│ 21 : id=21, hostname=p1405.para.bscc
│ 22 : id=22, hostname=p1405.para.bscc
│ 23 : id=23, hostname=p1405.para.bscc
│ 24 : id=24, hostname=p1405.para.bscc
│ 25 : id=25, hostname=p1405.para.bscc
│ 26 : id=26, hostname=p1405.para.bscc
│ 27 : id=27, hostname=p1405.para.bscc
│ 28 : id=28, hostname=p1405.para.bscc
│ 29 : id=29, hostname=p1405.para.bscc
│ 30 : id=30, hostname=p1405.para.bscc
│ 31 : id=31, hostname=p1405.para.bscc
│ 32 : id=32, hostname=p1405.para.bscc
│ 33 : id=33, hostname=p1405.para.bscc
│ 34 : id=34, hostname=p1405.para.bscc
│ 35 : id=35, hostname=p1405.para.bscc
│ 36 : id=36, hostname=p1405.para.bscc
│ 37 : id=37, hostname=p1405.para.bscc
│ 38 : id=38, hostname=p1405.para.bscc
│ 39 : id=39, hostname=p1405.para.bscc
│ 40 : id=40, hostname=p1405.para.bscc
│ 41 : id=41, hostname=p1405.para.bscc
│ 42 : id=42, hostname=p1405.para.bscc
│ 43 : id=43, hostname=p1405.para.bscc
│ 44 : id=44, hostname=p1405.para.bscc
│ 45 : id=45, hostname=p1405.para.bscc
│ 46 : id=46, hostname=p1405.para.bscc
│ 47 : id=47, hostname=p1405.para.bscc
│ 48 : id=48, hostname=p1405.para.bscc
│ 49 : id=49, hostname=p1405.para.bscc
│ 50 : id=50, hostname=p1405.para.bscc
│ 51 : id=51, hostname=p1405.para.bscc
│ 52 : id=52, hostname=p1405.para.bscc
│ 53 : id=53, hostname=p1405.para.bscc
│ 54 : id=54, hostname=p1405.para.bscc
│ 55 : id=55, hostname=p1405.para.bscc
│ 56 : id=56, hostname=p1405.para.bscc
│ 57 : id=57, hostname=p1405.para.bscc
│ 58 : id=58, hostname=p1405.para.bscc
│ 59 : id=59, hostname=p1405.para.bscc
│ 60 : id=60, hostname=p1405.para.bscc
│ 61 : id=61, hostname=p1405.para.bscc
│ 62 : id=62, hostname=p1405.para.bscc
│ 63 : id=63, hostname=p1405.para.bscc
│ 64 : id=64, hostname=p1405.para.bscc
│ 65 : id=65, hostname=p1405.para.bscc
│ 66 : id=66, hostname=p1405.para.bscc
│ 67 : id=67, hostname=p1405.para.bscc
│ 68 : id=68, hostname=p1405.para.bscc
│ 69 : id=69, hostname=p1405.para.bscc
│ 70 : id=70, hostname=p1405.para.bscc
│ 71 : id=71, hostname=p1405.para.bscc
│ 72 : id=72, hostname=p1405.para.bscc
│ 73 : id=73, hostname=p1405.para.bscc
│ 74 : id=74, hostname=p1405.para.bscc
│ 75 : id=75, hostname=r2415.para.bscc
│ 76 : id=76, hostname=r2415.para.bscc
│ 77 : id=77, hostname=r2415.para.bscc
│ 78 : id=78, hostname=r2415.para.bscc
│ 79 : id=79, hostname=r2415.para.bscc
│ 80 : id=80, hostname=r2415.para.bscc
│ 81 : id=81, hostname=r2415.para.bscc
│ 82 : id=82, hostname=r2415.para.bscc
│ 83 : id=83, hostname=r2415.para.bscc
│ 84 : id=84, hostname=r2415.para.bscc
│ 85 : id=85, hostname=r2415.para.bscc
│ 86 : id=86, hostname=r2415.para.bscc
│ 87 : id=87, hostname=r2415.para.bscc
│ 88 : id=88, hostname=r2415.para.bscc
│ 89 : id=89, hostname=r2415.para.bscc
│ 90 : id=90, hostname=r2415.para.bscc
│ 91 : id=91, hostname=r2415.para.bscc
│ 92 : id=92, hostname=r2415.para.bscc
│ 93 : id=93, hostname=r2415.para.bscc
│ 94 : id=94, hostname=r2415.para.bscc
│ 95 : id=95, hostname=r2415.para.bscc
│ 96 : id=96, hostname=r2415.para.bscc
│ 97 : id=97, hostname=r2415.para.bscc
│ 98 : id=98, hostname=r2415.para.bscc
│ 99 : id=99, hostname=r2415.para.bscc
│ 100 : id=100, hostname=r2415.para.bscc
│ 101 : id=101, hostname=r2415.para.bscc
│ 102 : id=102, hostname=r2415.para.bscc
│ 103 : id=103, hostname=r2415.para.bscc
│ 104 : id=104, hostname=r2415.para.bscc
│ 105 : id=105, hostname=r2415.para.bscc
│ 106 : id=106, hostname=r2415.para.bscc
│ 107 : id=107, hostname=r2415.para.bscc
│ 108 : id=108, hostname=r2415.para.bscc
│ 109 : id=109, hostname=r2415.para.bscc
│ 110 : id=110, hostname=r2415.para.bscc
│ 111 : id=111, hostname=r2415.para.bscc
│ 112 : id=112, hostname=r2415.para.bscc
│ 113 : id=113, hostname=r2415.para.bscc
│ 114 : id=114, hostname=r2415.para.bscc
│ 115 : id=115, hostname=r2415.para.bscc
│ 116 : id=116, hostname=r2415.para.bscc
│ 117 : id=117, hostname=r2415.para.bscc
│ 118 : id=118, hostname=r2415.para.bscc
│ 119 : id=119, hostname=r2415.para.bscc
│ 120 : id=120, hostname=r2415.para.bscc
│ 121 : id=121, hostname=r2415.para.bscc
│ 122 : id=122, hostname=r2415.para.bscc
│ 123 : id=123, hostname=r2415.para.bscc
│ 124 : id=124, hostname=r2415.para.bscc
│ 125 : id=125, hostname=r2415.para.bscc
│ 126 : id=126, hostname=r2415.para.bscc
│ 127 : id=127, hostname=r2415.para.bscc
│ 128 : id=128, hostname=r2415.para.bscc
│ 129 : id=129, hostname=r2415.para.bscc
│ 130 : id=130, hostname=r2415.para.bscc
│ 131 : id=131, hostname=r2415.para.bscc
│ 132 : id=132, hostname=r2415.para.bscc
│ 133 : id=133, hostname=r2415.para.bscc
│ 134 : id=134, hostname=r2415.para.bscc
│ 135 : id=135, hostname=r2415.para.bscc
│ 136 : id=136, hostname=r2415.para.bscc
│ 137 : id=137, hostname=r2415.para.bscc
│ 138 : id=138, hostname=r2402.para.bscc
│ 139 : id=139, hostname=r2402.para.bscc
│ 140 : id=140, hostname=r2402.para.bscc
│ 141 : id=141, hostname=r2402.para.bscc
│ 142 : id=142, hostname=r2402.para.bscc
│ 143 : id=143, hostname=r2402.para.bscc
│ 144 : id=144, hostname=r2402.para.bscc
│ 145 : id=145, hostname=r2402.para.bscc
│ 146 : id=146, hostname=r2402.para.bscc
│ 147 : id=147, hostname=r2402.para.bscc
│ 148 : id=148, hostname=r2402.para.bscc
│ 149 : id=149, hostname=r2402.para.bscc
│ 150 : id=150, hostname=r2402.para.bscc
│ 151 : id=151, hostname=r2402.para.bscc
│ 152 : id=152, hostname=r2402.para.bscc
│ 153 : id=153, hostname=r2402.para.bscc
│ 154 : id=154, hostname=r2402.para.bscc
│ 155 : id=155, hostname=r2402.para.bscc
│ 156 : id=156, hostname=r2402.para.bscc
│ 157 : id=157, hostname=r2402.para.bscc
│ 158 : id=158, hostname=r2402.para.bscc
│ 159 : id=159, hostname=r2402.para.bscc
│ 160 : id=160, hostname=r2402.para.bscc
│ 161 : id=161, hostname=r2402.para.bscc
│ 162 : id=162, hostname=r2402.para.bscc
│ 163 : id=163, hostname=r2402.para.bscc
│ 164 : id=164, hostname=r2402.para.bscc
│ 165 : id=165, hostname=r2402.para.bscc
│ 166 : id=166, hostname=r2402.para.bscc
│ 167 : id=167, hostname=r2402.para.bscc
│ 168 : id=168, hostname=r2402.para.bscc
│ 169 : id=169, hostname=r2402.para.bscc
│ 170 : id=170, hostname=r2402.para.bscc
│ 171 : id=171, hostname=r2402.para.bscc
│ 172 : id=172, hostname=r2402.para.bscc
│ 173 : id=173, hostname=r2402.para.bscc
│ 174 : id=174, hostname=r2402.para.bscc
│ 175 : id=175, hostname=r2402.para.bscc
│ 176 : id=176, hostname=r2402.para.bscc
│ 177 : id=177, hostname=r2402.para.bscc
│ 178 : id=178, hostname=r2402.para.bscc
│ 179 : id=179, hostname=r2402.para.bscc
│ 180 : id=180, hostname=r2402.para.bscc
│ 181 : id=181, hostname=r2402.para.bscc
│ 182 : id=182, hostname=r2402.para.bscc
│ 183 : id=183, hostname=r2402.para.bscc
│ 184 : id=184, hostname=r2402.para.bscc
│ 185 : id=185, hostname=r2402.para.bscc
│ 186 : id=186, hostname=r2402.para.bscc
│ 187 : id=187, hostname=r2402.para.bscc
│ 188 : id=188, hostname=r2402.para.bscc
│ 189 : id=189, hostname=r2402.para.bscc
│ 190 : id=190, hostname=r2402.para.bscc
│ 191 : id=191, hostname=r2402.para.bscc
│ 192 : id=192, hostname=r2402.para.bscc
│ 193 : id=193, hostname=r2402.para.bscc
│ 194 : id=194, hostname=r2402.para.bscc
│ 195 : id=195, hostname=r2402.para.bscc
│ 196 : id=196, hostname=r2402.para.bscc
│ 197 : id=197, hostname=r2402.para.bscc
│ 198 : id=198, hostname=r2402.para.bscc
│ 199 : id=199, hostname=r2402.para.bscc
│ 200 : id=200, hostname=r2402.para.bscc
│ 201 : id=201, hostname=r2510.para.bscc
│ 202 : id=202, hostname=r2510.para.bscc
│ 203 : id=203, hostname=r2510.para.bscc
│ 204 : id=204, hostname=r2510.para.bscc
│ 205 : id=205, hostname=r2510.para.bscc
│ 206 : id=206, hostname=r2510.para.bscc
│ 207 : id=207, hostname=r2510.para.bscc
│ 208 : id=208, hostname=r2510.para.bscc
│ 209 : id=209, hostname=r2510.para.bscc
│ 210 : id=210, hostname=r2510.para.bscc
│ 211 : id=211, hostname=r2510.para.bscc
│ 212 : id=212, hostname=r2510.para.bscc
│ 213 : id=213, hostname=r2510.para.bscc
│ 214 : id=214, hostname=r2510.para.bscc
│ 215 : id=215, hostname=r2510.para.bscc
│ 216 : id=216, hostname=r2510.para.bscc
│ 217 : id=217, hostname=r2510.para.bscc
│ 218 : id=218, hostname=r2510.para.bscc
│ 219 : id=219, hostname=r2510.para.bscc
│ 220 : id=220, hostname=r2510.para.bscc
│ 221 : id=221, hostname=r2510.para.bscc
│ 222 : id=222, hostname=r2510.para.bscc
│ 223 : id=223, hostname=r2510.para.bscc
│ 224 : id=224, hostname=r2510.para.bscc
│ 225 : id=225, hostname=r2510.para.bscc
│ 226 : id=226, hostname=r2510.para.bscc
│ 227 : id=227, hostname=r2510.para.bscc
│ 228 : id=228, hostname=r2510.para.bscc
│ 229 : id=229, hostname=r2510.para.bscc
│ 230 : id=230, hostname=r2510.para.bscc
│ 231 : id=231, hostname=r2510.para.bscc
│ 232 : id=232, hostname=r2510.para.bscc
│ 233 : id=233, hostname=r2510.para.bscc
│ 234 : id=234, hostname=r2510.para.bscc
│ 235 : id=235, hostname=r2510.para.bscc
│ 236 : id=236, hostname=r2510.para.bscc
│ 237 : id=237, hostname=r2510.para.bscc
│ 238 : id=238, hostname=r2510.para.bscc
│ 239 : id=239, hostname=r2510.para.bscc
│ 240 : id=240, hostname=r2510.para.bscc
│ 241 : id=241, hostname=r2510.para.bscc
│ 242 : id=242, hostname=r2510.para.bscc
│ 243 : id=243, hostname=r2510.para.bscc
│ 244 : id=244, hostname=r2510.para.bscc
│ 245 : id=245, hostname=r2510.para.bscc
│ 246 : id=246, hostname=r2510.para.bscc
│ 247 : id=247, hostname=r2510.para.bscc
│ 248 : id=248, hostname=r2510.para.bscc
│ 249 : id=249, hostname=r2510.para.bscc
│ 250 : id=250, hostname=r2510.para.bscc
│ 251 : id=251, hostname=r2510.para.bscc
│ 252 : id=252, hostname=r2510.para.bscc
│ 253 : id=253, hostname=r2510.para.bscc
│ 254 : id=254, hostname=r2510.para.bscc
│ 255 : id=255, hostname=r2510.para.bscc
│ 256 : id=256, hostname=r2510.para.bscc
│ 257 : id=257, hostname=r2510.para.bscc
│ 258 : id=258, hostname=r2510.para.bscc
│ 259 : id=259, hostname=r2510.para.bscc
│ 260 : id=260, hostname=r2510.para.bscc
│ 261 : id=261, hostname=r2510.para.bscc
│ 262 : id=262, hostname=r2510.para.bscc
│ 263 : id=263, hostname=r2510.para.bscc
│ 264 : id=264, hostname=p2414.para.bscc
│ 265 : id=265, hostname=p2414.para.bscc
│ 266 : id=266, hostname=p2414.para.bscc
│ 267 : id=267, hostname=p2414.para.bscc
│ 268 : id=268, hostname=p2414.para.bscc
│ 269 : id=269, hostname=p2414.para.bscc
│ 270 : id=270, hostname=p2414.para.bscc
│ 271 : id=271, hostname=p2414.para.bscc
│ 272 : id=272, hostname=p2414.para.bscc
│ 273 : id=273, hostname=p2414.para.bscc
│ 274 : id=274, hostname=p2414.para.bscc
│ 275 : id=275, hostname=p2414.para.bscc
│ 276 : id=276, hostname=p2414.para.bscc
│ 277 : id=277, hostname=p2414.para.bscc
│ 278 : id=278, hostname=p2414.para.bscc
│ 279 : id=279, hostname=p2414.para.bscc
│ 280 : id=280, hostname=p2414.para.bscc
│ 281 : id=281, hostname=p2414.para.bscc
│ 282 : id=282, hostname=p2414.para.bscc
│ 283 : id=283, hostname=p2414.para.bscc
│ 284 : id=284, hostname=p2414.para.bscc
│ 285 : id=285, hostname=p2414.para.bscc
│ 286 : id=286, hostname=p2414.para.bscc
│ 287 : id=287, hostname=p2414.para.bscc
│ 288 : id=288, hostname=p2414.para.bscc
│ 289 : id=289, hostname=p2414.para.bscc
│ 290 : id=290, hostname=p2414.para.bscc
│ 291 : id=291, hostname=p2414.para.bscc
│ 292 : id=292, hostname=p2414.para.bscc
│ 293 : id=293, hostname=p2414.para.bscc
│ 294 : id=294, hostname=p2414.para.bscc
│ 295 : id=295, hostname=p2414.para.bscc
│ 296 : id=296, hostname=p2414.para.bscc
│ 297 : id=297, hostname=p2414.para.bscc
│ 298 : id=298, hostname=p2414.para.bscc
│ 299 : id=299, hostname=p2414.para.bscc
│ 300 : id=300, hostname=p2414.para.bscc
│ 301 : id=301, hostname=p2414.para.bscc
│ 302 : id=302, hostname=p2414.para.bscc
│ 303 : id=303, hostname=p2414.para.bscc
│ 304 : id=304, hostname=p2414.para.bscc
│ 305 : id=305, hostname=p2414.para.bscc
│ 306 : id=306, hostname=p2414.para.bscc
│ 307 : id=307, hostname=p2414.para.bscc
│ 308 : id=308, hostname=p2414.para.bscc
│ 309 : id=309, hostname=p2414.para.bscc
│ 310 : id=310, hostname=p2414.para.bscc
│ 311 : id=311, hostname=p2414.para.bscc
│ 312 : id=312, hostname=p2414.para.bscc
│ 313 : id=313, hostname=p2414.para.bscc
│ 314 : id=314, hostname=p2414.para.bscc
│ 315 : id=315, hostname=p2414.para.bscc
│ 316 : id=316, hostname=p2414.para.bscc
│ 317 : id=317, hostname=p2414.para.bscc
│ 318 : id=318, hostname=p2414.para.bscc
│ 319 : id=319, hostname=p2414.para.bscc
│ 320 : id=320, hostname=p2414.para.bscc
│ 321 : id=321, hostname=p2414.para.bscc
│ 322 : id=322, hostname=p2414.para.bscc
│ 323 : id=323, hostname=p2414.para.bscc
│ 324 : id=324, hostname=p2414.para.bscc
│ 325 : id=325, hostname=p2414.para.bscc
│ 326 : id=326, hostname=p2414.para.bscc
│ 327 : id=327, hostname=p1711.para.bscc
│ 328 : id=328, hostname=p1711.para.bscc
│ 329 : id=329, hostname=p1711.para.bscc
│ 330 : id=330, hostname=p1711.para.bscc
│ 331 : id=331, hostname=p1711.para.bscc
│ 332 : id=332, hostname=p1711.para.bscc
│ 333 : id=333, hostname=p1711.para.bscc
│ 334 : id=334, hostname=p1711.para.bscc
│ 335 : id=335, hostname=p1711.para.bscc
│ 336 : id=336, hostname=p1711.para.bscc
│ 337 : id=337, hostname=p1711.para.bscc
│ 338 : id=338, hostname=p1711.para.bscc
│ 339 : id=339, hostname=p1711.para.bscc
│ 340 : id=340, hostname=p1711.para.bscc
│ 341 : id=341, hostname=p1711.para.bscc
│ 342 : id=342, hostname=p1711.para.bscc
│ 343 : id=343, hostname=p1711.para.bscc
│ 344 : id=344, hostname=p1711.para.bscc
│ 345 : id=345, hostname=p1711.para.bscc
│ 346 : id=346, hostname=p1711.para.bscc
│ 347 : id=347, hostname=p1711.para.bscc
│ 348 : id=348, hostname=p1711.para.bscc
│ 349 : id=349, hostname=p1711.para.bscc
│ 350 : id=350, hostname=p1711.para.bscc
│ 351 : id=351, hostname=p1711.para.bscc
│ 352 : id=352, hostname=p1711.para.bscc
│ 353 : id=353, hostname=p1711.para.bscc
│ 354 : id=354, hostname=p1711.para.bscc
│ 355 : id=355, hostname=p1711.para.bscc
│ 356 : id=356, hostname=p1711.para.bscc
│ 357 : id=357, hostname=p1711.para.bscc
│ 358 : id=358, hostname=p1711.para.bscc
│ 359 : id=359, hostname=p1711.para.bscc
│ 360 : id=360, hostname=p1711.para.bscc
│ 361 : id=361, hostname=p1711.para.bscc
│ 362 : id=362, hostname=p1711.para.bscc
│ 363 : id=363, hostname=p1711.para.bscc
│ 364 : id=364, hostname=p1711.para.bscc
│ 365 : id=365, hostname=p1711.para.bscc
│ 366 : id=366, hostname=p1711.para.bscc
│ 367 : id=367, hostname=p1711.para.bscc
│ 368 : id=368, hostname=p1711.para.bscc
│ 369 : id=369, hostname=p1711.para.bscc
│ 370 : id=370, hostname=p1711.para.bscc
│ 371 : id=371, hostname=p1711.para.bscc
│ 372 : id=372, hostname=p1711.para.bscc
│ 373 : id=373, hostname=p1711.para.bscc
│ 374 : id=374, hostname=p1711.para.bscc
│ 375 : id=375, hostname=p1711.para.bscc
│ 376 : id=376, hostname=p1711.para.bscc
│ 377 : id=377, hostname=p1711.para.bscc
│ 378 : id=378, hostname=p1711.para.bscc
│ 379 : id=379, hostname=p1711.para.bscc
│ 380 : id=380, hostname=p1711.para.bscc
│ 381 : id=381, hostname=p1711.para.bscc
│ 382 : id=382, hostname=p1711.para.bscc
│ 383 : id=383, hostname=p1711.para.bscc
│ 384 : id=384, hostname=p1711.para.bscc
│ 385 : id=385, hostname=p1711.para.bscc
│ 386 : id=386, hostname=p1711.para.bscc
│ 387 : id=387, hostname=p1711.para.bscc
│ 388 : id=388, hostname=p1711.para.bscc
│ 389 : id=389, hostname=p1711.para.bscc
│ 390 : id=390, hostname=q1606.para.bscc
│ 391 : id=391, hostname=q1606.para.bscc
│ 392 : id=392, hostname=q1606.para.bscc
│ 393 : id=393, hostname=q1606.para.bscc
│ 394 : id=394, hostname=q1606.para.bscc
│ 395 : id=395, hostname=q1606.para.bscc
│ 396 : id=396, hostname=q1606.para.bscc
│ 397 : id=397, hostname=q1606.para.bscc
│ 398 : id=398, hostname=q1606.para.bscc
│ 399 : id=399, hostname=q1606.para.bscc
│ 400 : id=400, hostname=q1606.para.bscc
│ 401 : id=401, hostname=q1606.para.bscc
│ 402 : id=402, hostname=q1606.para.bscc
│ 403 : id=403, hostname=q1606.para.bscc
│ 404 : id=404, hostname=q1606.para.bscc
│ 405 : id=405, hostname=q1606.para.bscc
│ 406 : id=406, hostname=q1606.para.bscc
│ 407 : id=407, hostname=q1606.para.bscc
│ 408 : id=408, hostname=q1606.para.bscc
│ 409 : id=409, hostname=q1606.para.bscc
│ 410 : id=410, hostname=q1606.para.bscc
│ 411 : id=411, hostname=q1606.para.bscc
│ 412 : id=412, hostname=q1606.para.bscc
│ 413 : id=413, hostname=q1606.para.bscc
│ 414 : id=414, hostname=q1606.para.bscc
│ 415 : id=415, hostname=q1606.para.bscc
│ 416 : id=416, hostname=q1606.para.bscc
│ 417 : id=417, hostname=q1606.para.bscc
│ 418 : id=418, hostname=q1606.para.bscc
│ 419 : id=419, hostname=q1606.para.bscc
│ 420 : id=420, hostname=q1606.para.bscc
│ 421 : id=421, hostname=q1606.para.bscc
│ 422 : id=422, hostname=q1606.para.bscc
│ 423 : id=423, hostname=q1606.para.bscc
│ 424 : id=424, hostname=q1606.para.bscc
│ 425 : id=425, hostname=q1606.para.bscc
│ 426 : id=426, hostname=q1606.para.bscc
│ 427 : id=427, hostname=q1606.para.bscc
│ 428 : id=428, hostname=q1606.para.bscc
│ 429 : id=429, hostname=q1606.para.bscc
│ 430 : id=430, hostname=q1606.para.bscc
│ 431 : id=431, hostname=q1606.para.bscc
│ 432 : id=432, hostname=q1606.para.bscc
│ 433 : id=433, hostname=q1606.para.bscc
│ 434 : id=434, hostname=q1606.para.bscc
│ 435 : id=435, hostname=q1606.para.bscc
│ 436 : id=436, hostname=q1606.para.bscc
│ 437 : id=437, hostname=q1606.para.bscc
│ 438 : id=438, hostname=q1606.para.bscc
│ 439 : id=439, hostname=q1606.para.bscc
│ 440 : id=440, hostname=q1606.para.bscc
│ 441 : id=441, hostname=q1606.para.bscc
│ 442 : id=442, hostname=q1606.para.bscc
│ 443 : id=443, hostname=q1606.para.bscc
│ 444 : id=444, hostname=q1606.para.bscc
│ 445 : id=445, hostname=q1606.para.bscc
│ 446 : id=446, hostname=q1606.para.bscc
│ 447 : id=447, hostname=q1606.para.bscc
│ 448 : id=448, hostname=q1606.para.bscc
│ 449 : id=449, hostname=q1606.para.bscc
│ 450 : id=450, hostname=q1606.para.bscc
│ 451 : id=451, hostname=q1606.para.bscc
│ 452 : id=452, hostname=q1606.para.bscc
│ 453 : id=453, hostname=q1802.para.bscc
│ 454 : id=454, hostname=q1802.para.bscc
│ 455 : id=455, hostname=q1802.para.bscc
│ 456 : id=456, hostname=q1802.para.bscc
│ 457 : id=457, hostname=q1802.para.bscc
│ 458 : id=458, hostname=q1802.para.bscc
│ 459 : id=459, hostname=q1802.para.bscc
│ 460 : id=460, hostname=q1802.para.bscc
│ 461 : id=461, hostname=q1802.para.bscc
│ 462 : id=462, hostname=q1802.para.bscc
│ 463 : id=463, hostname=q1802.para.bscc
│ 464 : id=464, hostname=q1802.para.bscc
│ 465 : id=465, hostname=q1802.para.bscc
│ 466 : id=466, hostname=q1802.para.bscc
│ 467 : id=467, hostname=q1802.para.bscc
│ 468 : id=468, hostname=q1802.para.bscc
│ 469 : id=469, hostname=q1802.para.bscc
│ 470 : id=470, hostname=q1802.para.bscc
│ 471 : id=471, hostname=q1802.para.bscc
│ 472 : id=472, hostname=q1802.para.bscc
│ 473 : id=473, hostname=q1802.para.bscc
│ 474 : id=474, hostname=q1802.para.bscc
│ 475 : id=475, hostname=q1802.para.bscc
│ 476 : id=476, hostname=q1802.para.bscc
│ 477 : id=477, hostname=q1802.para.bscc
│ 478 : id=478, hostname=q1802.para.bscc
│ 479 : id=479, hostname=q1802.para.bscc
│ 480 : id=480, hostname=q1802.para.bscc
│ 481 : id=481, hostname=q1802.para.bscc
│ 482 : id=482, hostname=q1802.para.bscc
│ 483 : id=483, hostname=q1802.para.bscc
│ 484 : id=484, hostname=q1802.para.bscc
│ 485 : id=485, hostname=q1802.para.bscc
│ 486 : id=486, hostname=q1802.para.bscc
│ 487 : id=487, hostname=q1802.para.bscc
│ 488 : id=488, hostname=q1802.para.bscc
│ 489 : id=489, hostname=q1802.para.bscc
│ 490 : id=490, hostname=q1802.para.bscc
│ 491 : id=491, hostname=q1802.para.bscc
│ 492 : id=492, hostname=q1802.para.bscc
│ 493 : id=493, hostname=q1802.para.bscc
│ 494 : id=494, hostname=q1802.para.bscc
│ 495 : id=495, hostname=q1802.para.bscc
│ 496 : id=496, hostname=q1802.para.bscc
│ 497 : id=497, hostname=q1802.para.bscc
│ 498 : id=498, hostname=q1802.para.bscc
│ 499 : id=499, hostname=q1802.para.bscc
│ 500 : id=500, hostname=q1802.para.bscc
│ 501 : id=501, hostname=q1802.para.bscc
│ 502 : id=502, hostname=q1802.para.bscc
│ 503 : id=503, hostname=q1802.para.bscc
│ 504 : id=504, hostname=q1802.para.bscc
│ 505 : id=505, hostname=q1802.para.bscc
│ 506 : id=506, hostname=q1802.para.bscc
│ 507 : id=507, hostname=q1802.para.bscc
│ 508 : id=508, hostname=q1802.para.bscc
│ 509 : id=509, hostname=q1802.para.bscc
│ 510 : id=510, hostname=q1802.para.bscc
│ 511 : id=511, hostname=q1802.para.bscc
│ 512 : id=512, hostname=q1802.para.bscc
│ 513 : id=513, hostname=q1802.para.bscc
│ 514 : id=514, hostname=q1802.para.bscc
│ 515 : id=515, hostname=q1802.para.bscc
│ 516 : id=516, hostname=r2301.para.bscc
│ 517 : id=517, hostname=r2301.para.bscc
│ 518 : id=518, hostname=r2301.para.bscc
│ 519 : id=519, hostname=r2301.para.bscc
│ 520 : id=520, hostname=r2301.para.bscc
│ 521 : id=521, hostname=r2301.para.bscc
│ 522 : id=522, hostname=r2301.para.bscc
│ 523 : id=523, hostname=r2301.para.bscc
│ 524 : id=524, hostname=r2301.para.bscc
│ 525 : id=525, hostname=r2301.para.bscc
│ 526 : id=526, hostname=r2301.para.bscc
│ 527 : id=527, hostname=r2301.para.bscc
│ 528 : id=528, hostname=r2301.para.bscc
│ 529 : id=529, hostname=r2301.para.bscc
│ 530 : id=530, hostname=r2301.para.bscc
│ 531 : id=531, hostname=r2301.para.bscc
│ 532 : id=532, hostname=r2301.para.bscc
│ 533 : id=533, hostname=r2301.para.bscc
│ 534 : id=534, hostname=r2301.para.bscc
│ 535 : id=535, hostname=r2301.para.bscc
│ 536 : id=536, hostname=r2301.para.bscc
│ 537 : id=537, hostname=r2301.para.bscc
│ 538 : id=538, hostname=r2301.para.bscc
│ 539 : id=539, hostname=r2301.para.bscc
│ 540 : id=540, hostname=r2301.para.bscc
│ 541 : id=541, hostname=r2301.para.bscc
│ 542 : id=542, hostname=r2301.para.bscc
│ 543 : id=543, hostname=r2301.para.bscc
│ 544 : id=544, hostname=r2301.para.bscc
│ 545 : id=545, hostname=r2301.para.bscc
│ 546 : id=546, hostname=r2301.para.bscc
│ 547 : id=547, hostname=r2301.para.bscc
│ 548 : id=548, hostname=r2301.para.bscc
│ 549 : id=549, hostname=r2301.para.bscc
│ 550 : id=550, hostname=r2301.para.bscc
│ 551 : id=551, hostname=r2301.para.bscc
│ 552 : id=552, hostname=r2301.para.bscc
│ 553 : id=553, hostname=r2301.para.bscc
│ 554 : id=554, hostname=r2301.para.bscc
│ 555 : id=555, hostname=r2301.para.bscc
│ 556 : id=556, hostname=r2301.para.bscc
│ 557 : id=557, hostname=r2301.para.bscc
│ 558 : id=558, hostname=r2301.para.bscc
│ 559 : id=559, hostname=r2301.para.bscc
│ 560 : id=560, hostname=r2301.para.bscc
│ 561 : id=561, hostname=r2301.para.bscc
│ 562 : id=562, hostname=r2301.para.bscc
│ 563 : id=563, hostname=r2301.para.bscc
│ 564 : id=564, hostname=r2301.para.bscc
│ 565 : id=565, hostname=r2301.para.bscc
│ 566 : id=566, hostname=r2301.para.bscc
│ 567 : id=567, hostname=r2301.para.bscc
│ 568 : id=568, hostname=r2301.para.bscc
│ 569 : id=569, hostname=r2301.para.bscc
│ 570 : id=570, hostname=r2301.para.bscc
│ 571 : id=571, hostname=r2301.para.bscc
│ 572 : id=572, hostname=r2301.para.bscc
│ 573 : id=573, hostname=r2301.para.bscc
│ 574 : id=574, hostname=r2301.para.bscc
│ 575 : id=575, hostname=r2301.para.bscc
│ 576 : id=576, hostname=r2301.para.bscc
│ 577 : id=577, hostname=r2301.para.bscc
│ 578 : id=578, hostname=r2301.para.bscc
│ 579 : id=579, hostname=q1312.para.bscc
│ 580 : id=580, hostname=q1312.para.bscc
│ 581 : id=581, hostname=q1312.para.bscc
│ 582 : id=582, hostname=q1312.para.bscc
│ 583 : id=583, hostname=q1312.para.bscc
│ 584 : id=584, hostname=q1312.para.bscc
│ 585 : id=585, hostname=q1312.para.bscc
│ 586 : id=586, hostname=q1312.para.bscc
│ 587 : id=587, hostname=q1312.para.bscc
│ 588 : id=588, hostname=q1312.para.bscc
│ 589 : id=589, hostname=q1312.para.bscc
│ 590 : id=590, hostname=q1312.para.bscc
│ 591 : id=591, hostname=q1312.para.bscc
│ 592 : id=592, hostname=q1312.para.bscc
│ 593 : id=593, hostname=q1312.para.bscc
│ 594 : id=594, hostname=q1312.para.bscc
│ 595 : id=595, hostname=q1312.para.bscc
│ 596 : id=596, hostname=q1312.para.bscc
│ 597 : id=597, hostname=q1312.para.bscc
│ 598 : id=598, hostname=q1312.para.bscc
│ 599 : id=599, hostname=q1312.para.bscc
│ 600 : id=600, hostname=q1312.para.bscc
│ 601 : id=601, hostname=q1312.para.bscc
│ 602 : id=602, hostname=q1312.para.bscc
│ 603 : id=603, hostname=q1312.para.bscc
│ 604 : id=604, hostname=q1312.para.bscc
│ 605 : id=605, hostname=q1312.para.bscc
│ 606 : id=606, hostname=q1312.para.bscc
│ 607 : id=607, hostname=q1312.para.bscc
│ 608 : id=608, hostname=q1312.para.bscc
│ 609 : id=609, hostname=q1312.para.bscc
│ 610 : id=610, hostname=q1312.para.bscc
│ 611 : id=611, hostname=q1312.para.bscc
│ 612 : id=612, hostname=q1312.para.bscc
│ 613 : id=613, hostname=q1312.para.bscc
│ 614 : id=614, hostname=q1312.para.bscc
│ 615 : id=615, hostname=q1312.para.bscc
│ 616 : id=616, hostname=q1312.para.bscc
│ 617 : id=617, hostname=q1312.para.bscc
│ 618 : id=618, hostname=q1312.para.bscc
│ 619 : id=619, hostname=q1312.para.bscc
│ 620 : id=620, hostname=q1312.para.bscc
│ 621 : id=621, hostname=q1312.para.bscc
│ 622 : id=622, hostname=q1312.para.bscc
│ 623 : id=623, hostname=q1312.para.bscc
│ 624 : id=624, hostname=q1312.para.bscc
│ 625 : id=625, hostname=q1312.para.bscc
│ 626 : id=626, hostname=q1312.para.bscc
│ 627 : id=627, hostname=q1312.para.bscc
│ 628 : id=628, hostname=q1312.para.bscc
│ 629 : id=629, hostname=q1312.para.bscc
│ 630 : id=630, hostname=q1312.para.bscc
│ 631 : id=631, hostname=q1312.para.bscc
│ 632 : id=632, hostname=q1312.para.bscc
│ 633 : id=633, hostname=q1312.para.bscc
│ 634 : id=634, hostname=q1312.para.bscc
│ 635 : id=635, hostname=q1312.para.bscc
│ 636 : id=636, hostname=q1312.para.bscc
│ 637 : id=637, hostname=q1312.para.bscc
│ 638 : id=638, hostname=q1312.para.bscc
│ 639 : id=639, hostname=q1312.para.bscc
│ 640 : id=640, hostname=q1312.para.bscc
│ 641 : id=641, hostname=q1312.para.bscc
│ 
└ -------------------------------------------
