Warning: Permanently added 's1408,172.16.29.216' (ECDSA) to the list of known hosts.
Warning: Permanently added 's2311,172.16.29.75' (ECDSA) to the list of known hosts.
Warning: Permanently added 's1410,172.16.29.218' (ECDSA) to the list of known hosts.
Warning: Permanently added 's2014,172.16.29.126' (ECDSA) to the list of known hosts.
Warning: Permanently added 's2116,172.16.29.112' (ECDSA) to the list of known hosts.
Warning: Permanently added 't1406,172.16.30.150' (ECDSA) to the list of known hosts.
Warning: Permanently added 's2406,172.16.29.54' (ECDSA) to the list of known hosts.
Warning: Permanently added 's2503,172.16.29.35' (ECDSA) to the list of known hosts.
Warning: Permanently added 's1409,172.16.29.217' (ECDSA) to the list of known hosts.
Warning: Permanently added 's1411,172.16.29.219' (ECDSA) to the list of known hosts.
Warning: Permanently added 's2405,172.16.29.53' (ECDSA) to the list of known hosts.
Warning: Permanently added 's1708,172.16.29.168' (ECDSA) to the list of known hosts.
Warning: Permanently added 's2310,172.16.29.74' (ECDSA) to the list of known hosts.
Warning: Permanently added 's2308,172.16.29.72' (ECDSA) to the list of known hosts.
Warning: Permanently added 't1516,172.16.30.144' (ECDSA) to the list of known hosts.
Warning: Permanently added 's2506,172.16.29.38' (ECDSA) to the list of known hosts.
┌ Info: 
│  * * * * * * * * * * * * * * * * * * * * * * * * * * * * * * * * * * * * * * * * * * * * * * 
│ 
│      _       _      ______      _______                    _______         ____
│     |+\     |+|    /+/  \+\    |+|   \+\    |+|=======    |+|===\+\       /+/\+\
│     |++\    |+|   |+|    |+|   |+|    \+\   |+|           |+|    |+|     /+/  \+\
│     |+ +\   |+|   |+|    |+|   |+|    |+|   |+|=======    |+|====/      |+|    |+|
│     |+|\+\  |+|   |+|    |+|   |+|    |+|   |+|           |+|    |+|    |+|====|+|
│     |+| \+\ |+|   |+|    |+|   |+|    /+/   |+|           |+|    /+/    |+|    |+|
│     |+|  \+\|+|    \+\__/+/    |+|___/+/    |+|=======    |+|===/+/     |+|    |+|
│ 
│      . . . . . . . . . . . . . NODEBA : KEEP YOUR NODES BUSY . . . . . . . . . . . . .
│      . . . . . . . . . . . . . AUTHOR : YUNLONG LIAN . . . . . . . . . . . . . . . . .
│ 
│     nodeba.jl  Version 0.1
│ 
└  * * * * * * * * * * * * * * * * * * * * * * * * * * * * * * * * * * * * * * * * * * * * * * 
┌ Info: 
│ --------------- NODE  INFO ----------------
│ 
│ Number of nodes : 1280
│ Master node : id=1, hostname=s1408.para.bscc
│ 2 : id=2, hostname=s1408.para.bscc
│ 3 : id=3, hostname=s2207.para.bscc
│ 4 : id=4, hostname=s2310.para.bscc
│ 5 : id=5, hostname=s2406.para.bscc
│ 6 : id=6, hostname=s2506.para.bscc
│ 7 : id=7, hostname=s2308.para.bscc
│ 8 : id=8, hostname=s2311.para.bscc
│ 9 : id=9, hostname=s2503.para.bscc
│ 10 : id=10, hostname=s2314.para.bscc
│ 11 : id=11, hostname=s1410.para.bscc
│ 12 : id=12, hostname=s1409.para.bscc
│ 13 : id=13, hostname=s1708.para.bscc
│ 14 : id=14, hostname=s2213.para.bscc
│ 15 : id=15, hostname=t1516.para.bscc
│ 16 : id=16, hostname=s1411.para.bscc
│ 17 : id=17, hostname=t1406.para.bscc
│ 18 : id=18, hostname=s2405.para.bscc
│ 19 : id=19, hostname=s2116.para.bscc
│ 20 : id=20, hostname=s2014.para.bscc
│ 21 : id=21, hostname=s2414.para.bscc
│ 22 : id=22, hostname=s1408.para.bscc
│ 23 : id=23, hostname=s1408.para.bscc
│ 24 : id=24, hostname=s1408.para.bscc
│ 25 : id=25, hostname=s1408.para.bscc
│ 26 : id=26, hostname=s1408.para.bscc
│ 27 : id=27, hostname=s1408.para.bscc
│ 28 : id=28, hostname=s1408.para.bscc
│ 29 : id=29, hostname=s1408.para.bscc
│ 30 : id=30, hostname=s1408.para.bscc
│ 31 : id=31, hostname=s1408.para.bscc
│ 32 : id=32, hostname=s1408.para.bscc
│ 33 : id=33, hostname=s1408.para.bscc
│ 34 : id=34, hostname=s1408.para.bscc
│ 35 : id=35, hostname=s1408.para.bscc
│ 36 : id=36, hostname=s1408.para.bscc
│ 37 : id=37, hostname=s1408.para.bscc
│ 38 : id=38, hostname=s1408.para.bscc
│ 39 : id=39, hostname=s1408.para.bscc
│ 40 : id=40, hostname=s1408.para.bscc
│ 41 : id=41, hostname=s1408.para.bscc
│ 42 : id=42, hostname=s1408.para.bscc
│ 43 : id=43, hostname=s1408.para.bscc
│ 44 : id=44, hostname=s1408.para.bscc
│ 45 : id=45, hostname=s1408.para.bscc
│ 46 : id=46, hostname=s1408.para.bscc
│ 47 : id=47, hostname=s1408.para.bscc
│ 48 : id=48, hostname=s1408.para.bscc
│ 49 : id=49, hostname=s1408.para.bscc
│ 50 : id=50, hostname=s1408.para.bscc
│ 51 : id=51, hostname=s1408.para.bscc
│ 52 : id=52, hostname=s1408.para.bscc
│ 53 : id=53, hostname=s1408.para.bscc
│ 54 : id=54, hostname=s1408.para.bscc
│ 55 : id=55, hostname=s1408.para.bscc
│ 56 : id=56, hostname=s1408.para.bscc
│ 57 : id=57, hostname=s1408.para.bscc
│ 58 : id=58, hostname=s1408.para.bscc
│ 59 : id=59, hostname=s1408.para.bscc
│ 60 : id=60, hostname=s1408.para.bscc
│ 61 : id=61, hostname=s1408.para.bscc
│ 62 : id=62, hostname=s1408.para.bscc
│ 63 : id=63, hostname=s1408.para.bscc
│ 64 : id=64, hostname=s1408.para.bscc
│ 65 : id=65, hostname=s1408.para.bscc
│ 66 : id=66, hostname=s1408.para.bscc
│ 67 : id=67, hostname=s1408.para.bscc
│ 68 : id=68, hostname=s1408.para.bscc
│ 69 : id=69, hostname=s1408.para.bscc
│ 70 : id=70, hostname=s1408.para.bscc
│ 71 : id=71, hostname=s1408.para.bscc
│ 72 : id=72, hostname=s1408.para.bscc
│ 73 : id=73, hostname=s1408.para.bscc
│ 74 : id=74, hostname=s1408.para.bscc
│ 75 : id=75, hostname=s1408.para.bscc
│ 76 : id=76, hostname=s1408.para.bscc
│ 77 : id=77, hostname=s1408.para.bscc
│ 78 : id=78, hostname=s1408.para.bscc
│ 79 : id=79, hostname=s1408.para.bscc
│ 80 : id=80, hostname=s1408.para.bscc
│ 81 : id=81, hostname=s1408.para.bscc
│ 82 : id=82, hostname=s1408.para.bscc
│ 83 : id=83, hostname=s1408.para.bscc
│ 84 : id=84, hostname=s1408.para.bscc
│ 85 : id=85, hostname=s1708.para.bscc
│ 86 : id=86, hostname=s1708.para.bscc
│ 87 : id=87, hostname=s1708.para.bscc
│ 88 : id=88, hostname=s1708.para.bscc
│ 89 : id=89, hostname=s1708.para.bscc
│ 90 : id=90, hostname=s1708.para.bscc
│ 91 : id=91, hostname=s1708.para.bscc
│ 92 : id=92, hostname=s1708.para.bscc
│ 93 : id=93, hostname=s1708.para.bscc
│ 94 : id=94, hostname=s1708.para.bscc
│ 95 : id=95, hostname=s1708.para.bscc
│ 96 : id=96, hostname=s1708.para.bscc
│ 97 : id=97, hostname=s1708.para.bscc
│ 98 : id=98, hostname=s1708.para.bscc
│ 99 : id=99, hostname=s1708.para.bscc
│ 100 : id=100, hostname=s1708.para.bscc
│ 101 : id=101, hostname=s1708.para.bscc
│ 102 : id=102, hostname=s1708.para.bscc
│ 103 : id=103, hostname=s1708.para.bscc
│ 104 : id=104, hostname=s1708.para.bscc
│ 105 : id=105, hostname=s1708.para.bscc
│ 106 : id=106, hostname=s1708.para.bscc
│ 107 : id=107, hostname=s1708.para.bscc
│ 108 : id=108, hostname=s1708.para.bscc
│ 109 : id=109, hostname=s1708.para.bscc
│ 110 : id=110, hostname=s1708.para.bscc
│ 111 : id=111, hostname=s1708.para.bscc
│ 112 : id=112, hostname=s1708.para.bscc
│ 113 : id=113, hostname=s1708.para.bscc
│ 114 : id=114, hostname=s1708.para.bscc
│ 115 : id=115, hostname=s1708.para.bscc
│ 116 : id=116, hostname=s1708.para.bscc
│ 117 : id=117, hostname=s1708.para.bscc
│ 118 : id=118, hostname=s1708.para.bscc
│ 119 : id=119, hostname=s1708.para.bscc
│ 120 : id=120, hostname=s1708.para.bscc
│ 121 : id=121, hostname=s1708.para.bscc
│ 122 : id=122, hostname=s1708.para.bscc
│ 123 : id=123, hostname=s1708.para.bscc
│ 124 : id=124, hostname=s1708.para.bscc
│ 125 : id=125, hostname=s1708.para.bscc
│ 126 : id=126, hostname=s1708.para.bscc
│ 127 : id=127, hostname=s1708.para.bscc
│ 128 : id=128, hostname=s1708.para.bscc
│ 129 : id=129, hostname=s1708.para.bscc
│ 130 : id=130, hostname=s1708.para.bscc
│ 131 : id=131, hostname=s1708.para.bscc
│ 132 : id=132, hostname=s1708.para.bscc
│ 133 : id=133, hostname=s1708.para.bscc
│ 134 : id=134, hostname=s1708.para.bscc
│ 135 : id=135, hostname=s1708.para.bscc
│ 136 : id=136, hostname=s1708.para.bscc
│ 137 : id=137, hostname=s1708.para.bscc
│ 138 : id=138, hostname=s1708.para.bscc
│ 139 : id=139, hostname=s1708.para.bscc
│ 140 : id=140, hostname=s1708.para.bscc
│ 141 : id=141, hostname=s1708.para.bscc
│ 142 : id=142, hostname=s1708.para.bscc
│ 143 : id=143, hostname=s1708.para.bscc
│ 144 : id=144, hostname=s1708.para.bscc
│ 145 : id=145, hostname=s1708.para.bscc
│ 146 : id=146, hostname=s1708.para.bscc
│ 147 : id=147, hostname=s1708.para.bscc
│ 148 : id=148, hostname=s2116.para.bscc
│ 149 : id=149, hostname=s2116.para.bscc
│ 150 : id=150, hostname=s2116.para.bscc
│ 151 : id=151, hostname=s2116.para.bscc
│ 152 : id=152, hostname=s2116.para.bscc
│ 153 : id=153, hostname=s2116.para.bscc
│ 154 : id=154, hostname=s2116.para.bscc
│ 155 : id=155, hostname=s2116.para.bscc
│ 156 : id=156, hostname=s2116.para.bscc
│ 157 : id=157, hostname=s2116.para.bscc
│ 158 : id=158, hostname=s2116.para.bscc
│ 159 : id=159, hostname=s2116.para.bscc
│ 160 : id=160, hostname=s2116.para.bscc
│ 161 : id=161, hostname=s2116.para.bscc
│ 162 : id=162, hostname=s2116.para.bscc
│ 163 : id=163, hostname=s2116.para.bscc
│ 164 : id=164, hostname=s2116.para.bscc
│ 165 : id=165, hostname=s2116.para.bscc
│ 166 : id=166, hostname=s2116.para.bscc
│ 167 : id=167, hostname=s2116.para.bscc
│ 168 : id=168, hostname=s2116.para.bscc
│ 169 : id=169, hostname=s2116.para.bscc
│ 170 : id=170, hostname=s2116.para.bscc
│ 171 : id=171, hostname=s2116.para.bscc
│ 172 : id=172, hostname=s2116.para.bscc
│ 173 : id=173, hostname=s2116.para.bscc
│ 174 : id=174, hostname=s2116.para.bscc
│ 175 : id=175, hostname=s2116.para.bscc
│ 176 : id=176, hostname=s2116.para.bscc
│ 177 : id=177, hostname=s2116.para.bscc
│ 178 : id=178, hostname=s2116.para.bscc
│ 179 : id=179, hostname=s2116.para.bscc
│ 180 : id=180, hostname=s2116.para.bscc
│ 181 : id=181, hostname=s2116.para.bscc
│ 182 : id=182, hostname=s2116.para.bscc
│ 183 : id=183, hostname=s2116.para.bscc
│ 184 : id=184, hostname=s2116.para.bscc
│ 185 : id=185, hostname=s2116.para.bscc
│ 186 : id=186, hostname=s2116.para.bscc
│ 187 : id=187, hostname=s2116.para.bscc
│ 188 : id=188, hostname=s2116.para.bscc
│ 189 : id=189, hostname=s2116.para.bscc
│ 190 : id=190, hostname=s2116.para.bscc
│ 191 : id=191, hostname=s2116.para.bscc
│ 192 : id=192, hostname=s2116.para.bscc
│ 193 : id=193, hostname=s2116.para.bscc
│ 194 : id=194, hostname=s2116.para.bscc
│ 195 : id=195, hostname=s2116.para.bscc
│ 196 : id=196, hostname=s2116.para.bscc
│ 197 : id=197, hostname=s2116.para.bscc
│ 198 : id=198, hostname=s2116.para.bscc
│ 199 : id=199, hostname=s2116.para.bscc
│ 200 : id=200, hostname=s2116.para.bscc
│ 201 : id=201, hostname=s2116.para.bscc
│ 202 : id=202, hostname=s2116.para.bscc
│ 203 : id=203, hostname=s2116.para.bscc
│ 204 : id=204, hostname=s2116.para.bscc
│ 205 : id=205, hostname=s2116.para.bscc
│ 206 : id=206, hostname=s2116.para.bscc
│ 207 : id=207, hostname=s2116.para.bscc
│ 208 : id=208, hostname=s2116.para.bscc
│ 209 : id=209, hostname=s2116.para.bscc
│ 210 : id=210, hostname=s2116.para.bscc
│ 211 : id=211, hostname=s2310.para.bscc
│ 212 : id=212, hostname=s2310.para.bscc
│ 213 : id=213, hostname=s2310.para.bscc
│ 214 : id=214, hostname=s2310.para.bscc
│ 215 : id=215, hostname=s2310.para.bscc
│ 216 : id=216, hostname=s2310.para.bscc
│ 217 : id=217, hostname=s2310.para.bscc
│ 218 : id=218, hostname=s2310.para.bscc
│ 219 : id=219, hostname=s2310.para.bscc
│ 220 : id=220, hostname=s2310.para.bscc
│ 221 : id=221, hostname=s2310.para.bscc
│ 222 : id=222, hostname=s2310.para.bscc
│ 223 : id=223, hostname=s2310.para.bscc
│ 224 : id=224, hostname=s2310.para.bscc
│ 225 : id=225, hostname=s2310.para.bscc
│ 226 : id=226, hostname=s2310.para.bscc
│ 227 : id=227, hostname=s2310.para.bscc
│ 228 : id=228, hostname=s2310.para.bscc
│ 229 : id=229, hostname=s2310.para.bscc
│ 230 : id=230, hostname=s2310.para.bscc
│ 231 : id=231, hostname=s2310.para.bscc
│ 232 : id=232, hostname=s2310.para.bscc
│ 233 : id=233, hostname=s2310.para.bscc
│ 234 : id=234, hostname=s2310.para.bscc
│ 235 : id=235, hostname=s2310.para.bscc
│ 236 : id=236, hostname=s2310.para.bscc
│ 237 : id=237, hostname=s2310.para.bscc
│ 238 : id=238, hostname=s2310.para.bscc
│ 239 : id=239, hostname=s2310.para.bscc
│ 240 : id=240, hostname=s2310.para.bscc
│ 241 : id=241, hostname=s2310.para.bscc
│ 242 : id=242, hostname=s2310.para.bscc
│ 243 : id=243, hostname=s2310.para.bscc
│ 244 : id=244, hostname=s2310.para.bscc
│ 245 : id=245, hostname=s2310.para.bscc
│ 246 : id=246, hostname=s2310.para.bscc
│ 247 : id=247, hostname=s2310.para.bscc
│ 248 : id=248, hostname=s2310.para.bscc
│ 249 : id=249, hostname=s2310.para.bscc
│ 250 : id=250, hostname=s2310.para.bscc
│ 251 : id=251, hostname=s2310.para.bscc
│ 252 : id=252, hostname=s2310.para.bscc
│ 253 : id=253, hostname=s2310.para.bscc
│ 254 : id=254, hostname=s2310.para.bscc
│ 255 : id=255, hostname=s2310.para.bscc
│ 256 : id=256, hostname=s2310.para.bscc
│ 257 : id=257, hostname=s2310.para.bscc
│ 258 : id=258, hostname=s2310.para.bscc
│ 259 : id=259, hostname=s2310.para.bscc
│ 260 : id=260, hostname=s2310.para.bscc
│ 261 : id=261, hostname=s2310.para.bscc
│ 262 : id=262, hostname=s2310.para.bscc
│ 263 : id=263, hostname=s2310.para.bscc
│ 264 : id=264, hostname=s2310.para.bscc
│ 265 : id=265, hostname=s2310.para.bscc
│ 266 : id=266, hostname=s2310.para.bscc
│ 267 : id=267, hostname=s2310.para.bscc
│ 268 : id=268, hostname=s2310.para.bscc
│ 269 : id=269, hostname=s2310.para.bscc
│ 270 : id=270, hostname=s2310.para.bscc
│ 271 : id=271, hostname=s2310.para.bscc
│ 272 : id=272, hostname=s2310.para.bscc
│ 273 : id=273, hostname=s2310.para.bscc
│ 274 : id=274, hostname=s2311.para.bscc
│ 275 : id=275, hostname=s2311.para.bscc
│ 276 : id=276, hostname=s2311.para.bscc
│ 277 : id=277, hostname=s2311.para.bscc
│ 278 : id=278, hostname=s2311.para.bscc
│ 279 : id=279, hostname=s2311.para.bscc
│ 280 : id=280, hostname=s2311.para.bscc
│ 281 : id=281, hostname=s2311.para.bscc
│ 282 : id=282, hostname=s2311.para.bscc
│ 283 : id=283, hostname=s2311.para.bscc
│ 284 : id=284, hostname=s2311.para.bscc
│ 285 : id=285, hostname=s2311.para.bscc
│ 286 : id=286, hostname=s2311.para.bscc
│ 287 : id=287, hostname=s2311.para.bscc
│ 288 : id=288, hostname=s2311.para.bscc
│ 289 : id=289, hostname=s2311.para.bscc
│ 290 : id=290, hostname=s2311.para.bscc
│ 291 : id=291, hostname=s2311.para.bscc
│ 292 : id=292, hostname=s2311.para.bscc
│ 293 : id=293, hostname=s2311.para.bscc
│ 294 : id=294, hostname=s2311.para.bscc
│ 295 : id=295, hostname=s2311.para.bscc
│ 296 : id=296, hostname=s2311.para.bscc
│ 297 : id=297, hostname=s2311.para.bscc
│ 298 : id=298, hostname=s2311.para.bscc
│ 299 : id=299, hostname=s2311.para.bscc
│ 300 : id=300, hostname=s2311.para.bscc
│ 301 : id=301, hostname=s2311.para.bscc
│ 302 : id=302, hostname=s2311.para.bscc
│ 303 : id=303, hostname=s2311.para.bscc
│ 304 : id=304, hostname=s2311.para.bscc
│ 305 : id=305, hostname=s2311.para.bscc
│ 306 : id=306, hostname=s2311.para.bscc
│ 307 : id=307, hostname=s2311.para.bscc
│ 308 : id=308, hostname=s2311.para.bscc
│ 309 : id=309, hostname=s2311.para.bscc
│ 310 : id=310, hostname=s2311.para.bscc
│ 311 : id=311, hostname=s2311.para.bscc
│ 312 : id=312, hostname=s2311.para.bscc
│ 313 : id=313, hostname=s2311.para.bscc
│ 314 : id=314, hostname=s2311.para.bscc
│ 315 : id=315, hostname=s2311.para.bscc
│ 316 : id=316, hostname=s2311.para.bscc
│ 317 : id=317, hostname=s2311.para.bscc
│ 318 : id=318, hostname=s2311.para.bscc
│ 319 : id=319, hostname=s2311.para.bscc
│ 320 : id=320, hostname=s2311.para.bscc
│ 321 : id=321, hostname=s2311.para.bscc
│ 322 : id=322, hostname=s2311.para.bscc
│ 323 : id=323, hostname=s2311.para.bscc
│ 324 : id=324, hostname=s2311.para.bscc
│ 325 : id=325, hostname=s2311.para.bscc
│ 326 : id=326, hostname=s2311.para.bscc
│ 327 : id=327, hostname=s2311.para.bscc
│ 328 : id=328, hostname=s2311.para.bscc
│ 329 : id=329, hostname=s2311.para.bscc
│ 330 : id=330, hostname=s2311.para.bscc
│ 331 : id=331, hostname=s2311.para.bscc
│ 332 : id=332, hostname=s2311.para.bscc
│ 333 : id=333, hostname=s2311.para.bscc
│ 334 : id=334, hostname=s2311.para.bscc
│ 335 : id=335, hostname=s2311.para.bscc
│ 336 : id=336, hostname=s2311.para.bscc
│ 337 : id=337, hostname=s2314.para.bscc
│ 338 : id=338, hostname=s2314.para.bscc
│ 339 : id=339, hostname=s2314.para.bscc
│ 340 : id=340, hostname=s2314.para.bscc
│ 341 : id=341, hostname=s2314.para.bscc
│ 342 : id=342, hostname=s2314.para.bscc
│ 343 : id=343, hostname=s2314.para.bscc
│ 344 : id=344, hostname=s2314.para.bscc
│ 345 : id=345, hostname=s2314.para.bscc
│ 346 : id=346, hostname=s2314.para.bscc
│ 347 : id=347, hostname=s2314.para.bscc
│ 348 : id=348, hostname=s2314.para.bscc
│ 349 : id=349, hostname=s2314.para.bscc
│ 350 : id=350, hostname=s2314.para.bscc
│ 351 : id=351, hostname=s2314.para.bscc
│ 352 : id=352, hostname=s2314.para.bscc
│ 353 : id=353, hostname=s2314.para.bscc
│ 354 : id=354, hostname=s2314.para.bscc
│ 355 : id=355, hostname=s2314.para.bscc
│ 356 : id=356, hostname=s2314.para.bscc
│ 357 : id=357, hostname=s2314.para.bscc
│ 358 : id=358, hostname=s2314.para.bscc
│ 359 : id=359, hostname=s2314.para.bscc
│ 360 : id=360, hostname=s2314.para.bscc
│ 361 : id=361, hostname=s2314.para.bscc
│ 362 : id=362, hostname=s2314.para.bscc
│ 363 : id=363, hostname=s2314.para.bscc
│ 364 : id=364, hostname=s2314.para.bscc
│ 365 : id=365, hostname=s2314.para.bscc
│ 366 : id=366, hostname=s2314.para.bscc
│ 367 : id=367, hostname=s2314.para.bscc
│ 368 : id=368, hostname=s2314.para.bscc
│ 369 : id=369, hostname=s2314.para.bscc
│ 370 : id=370, hostname=s2314.para.bscc
│ 371 : id=371, hostname=s2314.para.bscc
│ 372 : id=372, hostname=s2314.para.bscc
│ 373 : id=373, hostname=s2314.para.bscc
│ 374 : id=374, hostname=s2314.para.bscc
│ 375 : id=375, hostname=s2314.para.bscc
│ 376 : id=376, hostname=s2314.para.bscc
│ 377 : id=377, hostname=s2314.para.bscc
│ 378 : id=378, hostname=s2314.para.bscc
│ 379 : id=379, hostname=s2314.para.bscc
│ 380 : id=380, hostname=s2314.para.bscc
│ 381 : id=381, hostname=s2314.para.bscc
│ 382 : id=382, hostname=s2314.para.bscc
│ 383 : id=383, hostname=s2314.para.bscc
│ 384 : id=384, hostname=s2314.para.bscc
│ 385 : id=385, hostname=s2314.para.bscc
│ 386 : id=386, hostname=s2314.para.bscc
│ 387 : id=387, hostname=s2314.para.bscc
│ 388 : id=388, hostname=s2314.para.bscc
│ 389 : id=389, hostname=s2314.para.bscc
│ 390 : id=390, hostname=s2314.para.bscc
│ 391 : id=391, hostname=s2314.para.bscc
│ 392 : id=392, hostname=s2314.para.bscc
│ 393 : id=393, hostname=s2314.para.bscc
│ 394 : id=394, hostname=s2314.para.bscc
│ 395 : id=395, hostname=s2314.para.bscc
│ 396 : id=396, hostname=s2314.para.bscc
│ 397 : id=397, hostname=s2314.para.bscc
│ 398 : id=398, hostname=s2314.para.bscc
│ 399 : id=399, hostname=s2314.para.bscc
│ 400 : id=400, hostname=t1406.para.bscc
│ 401 : id=401, hostname=t1406.para.bscc
│ 402 : id=402, hostname=t1406.para.bscc
│ 403 : id=403, hostname=t1406.para.bscc
│ 404 : id=404, hostname=t1406.para.bscc
│ 405 : id=405, hostname=t1406.para.bscc
│ 406 : id=406, hostname=t1406.para.bscc
│ 407 : id=407, hostname=t1406.para.bscc
│ 408 : id=408, hostname=t1406.para.bscc
│ 409 : id=409, hostname=t1406.para.bscc
│ 410 : id=410, hostname=t1406.para.bscc
│ 411 : id=411, hostname=t1406.para.bscc
│ 412 : id=412, hostname=t1406.para.bscc
│ 413 : id=413, hostname=t1406.para.bscc
│ 414 : id=414, hostname=t1406.para.bscc
│ 415 : id=415, hostname=t1406.para.bscc
│ 416 : id=416, hostname=t1406.para.bscc
│ 417 : id=417, hostname=t1406.para.bscc
│ 418 : id=418, hostname=t1406.para.bscc
│ 419 : id=419, hostname=t1406.para.bscc
│ 420 : id=420, hostname=t1406.para.bscc
│ 421 : id=421, hostname=t1406.para.bscc
│ 422 : id=422, hostname=t1406.para.bscc
│ 423 : id=423, hostname=t1406.para.bscc
│ 424 : id=424, hostname=t1406.para.bscc
│ 425 : id=425, hostname=t1406.para.bscc
│ 426 : id=426, hostname=t1406.para.bscc
│ 427 : id=427, hostname=t1406.para.bscc
│ 428 : id=428, hostname=t1406.para.bscc
│ 429 : id=429, hostname=t1406.para.bscc
│ 430 : id=430, hostname=t1406.para.bscc
│ 431 : id=431, hostname=t1406.para.bscc
│ 432 : id=432, hostname=t1406.para.bscc
│ 433 : id=433, hostname=t1406.para.bscc
│ 434 : id=434, hostname=t1406.para.bscc
│ 435 : id=435, hostname=t1406.para.bscc
│ 436 : id=436, hostname=t1406.para.bscc
│ 437 : id=437, hostname=t1406.para.bscc
│ 438 : id=438, hostname=t1406.para.bscc
│ 439 : id=439, hostname=t1406.para.bscc
│ 440 : id=440, hostname=t1406.para.bscc
│ 441 : id=441, hostname=t1406.para.bscc
│ 442 : id=442, hostname=t1406.para.bscc
│ 443 : id=443, hostname=t1406.para.bscc
│ 444 : id=444, hostname=t1406.para.bscc
│ 445 : id=445, hostname=t1406.para.bscc
│ 446 : id=446, hostname=t1406.para.bscc
│ 447 : id=447, hostname=t1406.para.bscc
│ 448 : id=448, hostname=t1406.para.bscc
│ 449 : id=449, hostname=t1406.para.bscc
│ 450 : id=450, hostname=t1406.para.bscc
│ 451 : id=451, hostname=t1406.para.bscc
│ 452 : id=452, hostname=t1406.para.bscc
│ 453 : id=453, hostname=t1406.para.bscc
│ 454 : id=454, hostname=t1406.para.bscc
│ 455 : id=455, hostname=t1406.para.bscc
│ 456 : id=456, hostname=t1406.para.bscc
│ 457 : id=457, hostname=t1406.para.bscc
│ 458 : id=458, hostname=t1406.para.bscc
│ 459 : id=459, hostname=t1406.para.bscc
│ 460 : id=460, hostname=t1406.para.bscc
│ 461 : id=461, hostname=t1406.para.bscc
│ 462 : id=462, hostname=t1406.para.bscc
│ 463 : id=463, hostname=s2014.para.bscc
│ 464 : id=464, hostname=s2014.para.bscc
│ 465 : id=465, hostname=s2014.para.bscc
│ 466 : id=466, hostname=s2014.para.bscc
│ 467 : id=467, hostname=s2014.para.bscc
│ 468 : id=468, hostname=s2014.para.bscc
│ 469 : id=469, hostname=s2014.para.bscc
│ 470 : id=470, hostname=s2014.para.bscc
│ 471 : id=471, hostname=s2014.para.bscc
│ 472 : id=472, hostname=s2014.para.bscc
│ 473 : id=473, hostname=s2014.para.bscc
│ 474 : id=474, hostname=s2014.para.bscc
│ 475 : id=475, hostname=s2014.para.bscc
│ 476 : id=476, hostname=s2014.para.bscc
│ 477 : id=477, hostname=s2014.para.bscc
│ 478 : id=478, hostname=s2014.para.bscc
│ 479 : id=479, hostname=s2014.para.bscc
│ 480 : id=480, hostname=s2014.para.bscc
│ 481 : id=481, hostname=s2014.para.bscc
│ 482 : id=482, hostname=s2014.para.bscc
│ 483 : id=483, hostname=s2014.para.bscc
│ 484 : id=484, hostname=s2014.para.bscc
│ 485 : id=485, hostname=s2014.para.bscc
│ 486 : id=486, hostname=s2014.para.bscc
│ 487 : id=487, hostname=s2014.para.bscc
│ 488 : id=488, hostname=s2014.para.bscc
│ 489 : id=489, hostname=s2014.para.bscc
│ 490 : id=490, hostname=s2014.para.bscc
│ 491 : id=491, hostname=s2014.para.bscc
│ 492 : id=492, hostname=s2014.para.bscc
│ 493 : id=493, hostname=s2014.para.bscc
│ 494 : id=494, hostname=s2014.para.bscc
│ 495 : id=495, hostname=s2014.para.bscc
│ 496 : id=496, hostname=s2014.para.bscc
│ 497 : id=497, hostname=s2014.para.bscc
│ 498 : id=498, hostname=s2014.para.bscc
│ 499 : id=499, hostname=s2014.para.bscc
│ 500 : id=500, hostname=s2014.para.bscc
│ 501 : id=501, hostname=s2014.para.bscc
│ 502 : id=502, hostname=s2014.para.bscc
│ 503 : id=503, hostname=s2014.para.bscc
│ 504 : id=504, hostname=s2014.para.bscc
│ 505 : id=505, hostname=s2014.para.bscc
│ 506 : id=506, hostname=s2014.para.bscc
│ 507 : id=507, hostname=s2014.para.bscc
│ 508 : id=508, hostname=s2014.para.bscc
│ 509 : id=509, hostname=s2014.para.bscc
│ 510 : id=510, hostname=s2014.para.bscc
│ 511 : id=511, hostname=s2014.para.bscc
│ 512 : id=512, hostname=s2014.para.bscc
│ 513 : id=513, hostname=s2014.para.bscc
│ 514 : id=514, hostname=s2014.para.bscc
│ 515 : id=515, hostname=s2014.para.bscc
│ 516 : id=516, hostname=s2014.para.bscc
│ 517 : id=517, hostname=s2014.para.bscc
│ 518 : id=518, hostname=s2014.para.bscc
│ 519 : id=519, hostname=s2014.para.bscc
│ 520 : id=520, hostname=s2014.para.bscc
│ 521 : id=521, hostname=s2014.para.bscc
│ 522 : id=522, hostname=s2014.para.bscc
│ 523 : id=523, hostname=s2014.para.bscc
│ 524 : id=524, hostname=s2014.para.bscc
│ 525 : id=525, hostname=s2014.para.bscc
│ 526 : id=526, hostname=s2207.para.bscc
│ 527 : id=527, hostname=s2207.para.bscc
│ 528 : id=528, hostname=s2207.para.bscc
│ 529 : id=529, hostname=s2207.para.bscc
│ 530 : id=530, hostname=s2207.para.bscc
│ 531 : id=531, hostname=s2207.para.bscc
│ 532 : id=532, hostname=s2207.para.bscc
│ 533 : id=533, hostname=s2207.para.bscc
│ 534 : id=534, hostname=s2207.para.bscc
│ 535 : id=535, hostname=s2207.para.bscc
│ 536 : id=536, hostname=s2207.para.bscc
│ 537 : id=537, hostname=s2207.para.bscc
│ 538 : id=538, hostname=s2207.para.bscc
│ 539 : id=539, hostname=s2207.para.bscc
│ 540 : id=540, hostname=s2207.para.bscc
│ 541 : id=541, hostname=s2207.para.bscc
│ 542 : id=542, hostname=s2207.para.bscc
│ 543 : id=543, hostname=s2207.para.bscc
│ 544 : id=544, hostname=s2207.para.bscc
│ 545 : id=545, hostname=s2207.para.bscc
│ 546 : id=546, hostname=s2207.para.bscc
│ 547 : id=547, hostname=s2207.para.bscc
│ 548 : id=548, hostname=s2207.para.bscc
│ 549 : id=549, hostname=s2207.para.bscc
│ 550 : id=550, hostname=s2207.para.bscc
│ 551 : id=551, hostname=s2207.para.bscc
│ 552 : id=552, hostname=s2207.para.bscc
│ 553 : id=553, hostname=s2207.para.bscc
│ 554 : id=554, hostname=s2207.para.bscc
│ 555 : id=555, hostname=s2207.para.bscc
│ 556 : id=556, hostname=s2207.para.bscc
│ 557 : id=557, hostname=s2207.para.bscc
│ 558 : id=558, hostname=s2207.para.bscc
│ 559 : id=559, hostname=s2207.para.bscc
│ 560 : id=560, hostname=s2207.para.bscc
│ 561 : id=561, hostname=s2207.para.bscc
│ 562 : id=562, hostname=s2207.para.bscc
│ 563 : id=563, hostname=s2207.para.bscc
│ 564 : id=564, hostname=s2207.para.bscc
│ 565 : id=565, hostname=s2207.para.bscc
│ 566 : id=566, hostname=s2207.para.bscc
│ 567 : id=567, hostname=s2207.para.bscc
│ 568 : id=568, hostname=s2207.para.bscc
│ 569 : id=569, hostname=s2207.para.bscc
│ 570 : id=570, hostname=s2207.para.bscc
│ 571 : id=571, hostname=s2207.para.bscc
│ 572 : id=572, hostname=s2207.para.bscc
│ 573 : id=573, hostname=s2207.para.bscc
│ 574 : id=574, hostname=s2207.para.bscc
│ 575 : id=575, hostname=s2207.para.bscc
│ 576 : id=576, hostname=s2207.para.bscc
│ 577 : id=577, hostname=s2207.para.bscc
│ 578 : id=578, hostname=s2207.para.bscc
│ 579 : id=579, hostname=s2207.para.bscc
│ 580 : id=580, hostname=s2207.para.bscc
│ 581 : id=581, hostname=s2207.para.bscc
│ 582 : id=582, hostname=s2207.para.bscc
│ 583 : id=583, hostname=s2207.para.bscc
│ 584 : id=584, hostname=s2207.para.bscc
│ 585 : id=585, hostname=s2207.para.bscc
│ 586 : id=586, hostname=s2207.para.bscc
│ 587 : id=587, hostname=s2207.para.bscc
│ 588 : id=588, hostname=s2207.para.bscc
│ 589 : id=589, hostname=s1409.para.bscc
│ 590 : id=590, hostname=s1409.para.bscc
│ 591 : id=591, hostname=s1409.para.bscc
│ 592 : id=592, hostname=s1409.para.bscc
│ 593 : id=593, hostname=s1409.para.bscc
│ 594 : id=594, hostname=s1409.para.bscc
│ 595 : id=595, hostname=s1409.para.bscc
│ 596 : id=596, hostname=s1409.para.bscc
│ 597 : id=597, hostname=s1409.para.bscc
│ 598 : id=598, hostname=s1409.para.bscc
│ 599 : id=599, hostname=s1409.para.bscc
│ 600 : id=600, hostname=s1409.para.bscc
│ 601 : id=601, hostname=s1409.para.bscc
│ 602 : id=602, hostname=s1409.para.bscc
│ 603 : id=603, hostname=s1409.para.bscc
│ 604 : id=604, hostname=s1409.para.bscc
│ 605 : id=605, hostname=s1409.para.bscc
│ 606 : id=606, hostname=s1409.para.bscc
│ 607 : id=607, hostname=s1409.para.bscc
│ 608 : id=608, hostname=s1409.para.bscc
│ 609 : id=609, hostname=s1409.para.bscc
│ 610 : id=610, hostname=s1409.para.bscc
│ 611 : id=611, hostname=s1409.para.bscc
│ 612 : id=612, hostname=s1409.para.bscc
│ 613 : id=613, hostname=s1409.para.bscc
│ 614 : id=614, hostname=s1409.para.bscc
│ 615 : id=615, hostname=s1409.para.bscc
│ 616 : id=616, hostname=s1409.para.bscc
│ 617 : id=617, hostname=s1409.para.bscc
│ 618 : id=618, hostname=s1409.para.bscc
│ 619 : id=619, hostname=s1409.para.bscc
│ 620 : id=620, hostname=s1409.para.bscc
│ 621 : id=621, hostname=s1409.para.bscc
│ 622 : id=622, hostname=s1409.para.bscc
│ 623 : id=623, hostname=s1409.para.bscc
│ 624 : id=624, hostname=s1409.para.bscc
│ 625 : id=625, hostname=s1409.para.bscc
│ 626 : id=626, hostname=s1409.para.bscc
│ 627 : id=627, hostname=s1409.para.bscc
│ 628 : id=628, hostname=s1409.para.bscc
│ 629 : id=629, hostname=s1409.para.bscc
│ 630 : id=630, hostname=s1409.para.bscc
│ 631 : id=631, hostname=s1409.para.bscc
│ 632 : id=632, hostname=s1409.para.bscc
│ 633 : id=633, hostname=s1409.para.bscc
│ 634 : id=634, hostname=s1409.para.bscc
│ 635 : id=635, hostname=s1409.para.bscc
│ 636 : id=636, hostname=s1409.para.bscc
│ 637 : id=637, hostname=s1409.para.bscc
│ 638 : id=638, hostname=s1409.para.bscc
│ 639 : id=639, hostname=s1409.para.bscc
│ 640 : id=640, hostname=s1409.para.bscc
│ 641 : id=641, hostname=s1409.para.bscc
│ 642 : id=642, hostname=s1409.para.bscc
│ 643 : id=643, hostname=s1409.para.bscc
│ 644 : id=644, hostname=s1409.para.bscc
│ 645 : id=645, hostname=s1409.para.bscc
│ 646 : id=646, hostname=s1409.para.bscc
│ 647 : id=647, hostname=s1409.para.bscc
│ 648 : id=648, hostname=s1409.para.bscc
│ 649 : id=649, hostname=s1409.para.bscc
│ 650 : id=650, hostname=s1409.para.bscc
│ 651 : id=651, hostname=s1409.para.bscc
│ 652 : id=652, hostname=s1410.para.bscc
│ 653 : id=653, hostname=s1410.para.bscc
│ 654 : id=654, hostname=s1410.para.bscc
│ 655 : id=655, hostname=s1410.para.bscc
│ 656 : id=656, hostname=s1410.para.bscc
│ 657 : id=657, hostname=s1410.para.bscc
│ 658 : id=658, hostname=s1410.para.bscc
│ 659 : id=659, hostname=s1410.para.bscc
│ 660 : id=660, hostname=s1410.para.bscc
│ 661 : id=661, hostname=s1410.para.bscc
│ 662 : id=662, hostname=s1410.para.bscc
│ 663 : id=663, hostname=s1410.para.bscc
│ 664 : id=664, hostname=s1410.para.bscc
│ 665 : id=665, hostname=s1410.para.bscc
│ 666 : id=666, hostname=s1410.para.bscc
│ 667 : id=667, hostname=s1410.para.bscc
│ 668 : id=668, hostname=s1410.para.bscc
│ 669 : id=669, hostname=s1410.para.bscc
│ 670 : id=670, hostname=s1410.para.bscc
│ 671 : id=671, hostname=s1410.para.bscc
│ 672 : id=672, hostname=s1410.para.bscc
│ 673 : id=673, hostname=s1410.para.bscc
│ 674 : id=674, hostname=s1410.para.bscc
│ 675 : id=675, hostname=s1410.para.bscc
│ 676 : id=676, hostname=s1410.para.bscc
│ 677 : id=677, hostname=s1410.para.bscc
│ 678 : id=678, hostname=s1410.para.bscc
│ 679 : id=679, hostname=s1410.para.bscc
│ 680 : id=680, hostname=s1410.para.bscc
│ 681 : id=681, hostname=s1410.para.bscc
│ 682 : id=682, hostname=s1410.para.bscc
│ 683 : id=683, hostname=s1410.para.bscc
│ 684 : id=684, hostname=s1410.para.bscc
│ 685 : id=685, hostname=s1410.para.bscc
│ 686 : id=686, hostname=s1410.para.bscc
│ 687 : id=687, hostname=s1410.para.bscc
│ 688 : id=688, hostname=s1410.para.bscc
│ 689 : id=689, hostname=s1410.para.bscc
│ 690 : id=690, hostname=s1410.para.bscc
│ 691 : id=691, hostname=s1410.para.bscc
│ 692 : id=692, hostname=s1410.para.bscc
│ 693 : id=693, hostname=s1410.para.bscc
│ 694 : id=694, hostname=s1410.para.bscc
│ 695 : id=695, hostname=s1410.para.bscc
│ 696 : id=696, hostname=s1410.para.bscc
│ 697 : id=697, hostname=s1410.para.bscc
│ 698 : id=698, hostname=s1410.para.bscc
│ 699 : id=699, hostname=s1410.para.bscc
│ 700 : id=700, hostname=s1410.para.bscc
│ 701 : id=701, hostname=s1410.para.bscc
│ 702 : id=702, hostname=s1410.para.bscc
│ 703 : id=703, hostname=s1410.para.bscc
│ 704 : id=704, hostname=s1410.para.bscc
│ 705 : id=705, hostname=s1410.para.bscc
│ 706 : id=706, hostname=s1410.para.bscc
│ 707 : id=707, hostname=s1410.para.bscc
│ 708 : id=708, hostname=s1410.para.bscc
│ 709 : id=709, hostname=s1410.para.bscc
│ 710 : id=710, hostname=s1410.para.bscc
│ 711 : id=711, hostname=s1410.para.bscc
│ 712 : id=712, hostname=s1410.para.bscc
│ 713 : id=713, hostname=s1410.para.bscc
│ 714 : id=714, hostname=s1410.para.bscc
│ 715 : id=715, hostname=s2414.para.bscc
│ 716 : id=716, hostname=s2414.para.bscc
│ 717 : id=717, hostname=s2414.para.bscc
│ 718 : id=718, hostname=s2414.para.bscc
│ 719 : id=719, hostname=s2414.para.bscc
│ 720 : id=720, hostname=s2414.para.bscc
│ 721 : id=721, hostname=s2414.para.bscc
│ 722 : id=722, hostname=s2414.para.bscc
│ 723 : id=723, hostname=s2414.para.bscc
│ 724 : id=724, hostname=s2414.para.bscc
│ 725 : id=725, hostname=s2414.para.bscc
│ 726 : id=726, hostname=s2414.para.bscc
│ 727 : id=727, hostname=s2414.para.bscc
│ 728 : id=728, hostname=s2414.para.bscc
│ 729 : id=729, hostname=s2414.para.bscc
│ 730 : id=730, hostname=s2414.para.bscc
│ 731 : id=731, hostname=s2414.para.bscc
│ 732 : id=732, hostname=s2414.para.bscc
│ 733 : id=733, hostname=s2414.para.bscc
│ 734 : id=734, hostname=s2414.para.bscc
│ 735 : id=735, hostname=s2414.para.bscc
│ 736 : id=736, hostname=s2414.para.bscc
│ 737 : id=737, hostname=s2414.para.bscc
│ 738 : id=738, hostname=s2414.para.bscc
│ 739 : id=739, hostname=s2414.para.bscc
│ 740 : id=740, hostname=s2414.para.bscc
│ 741 : id=741, hostname=s2414.para.bscc
│ 742 : id=742, hostname=s2414.para.bscc
│ 743 : id=743, hostname=s2414.para.bscc
│ 744 : id=744, hostname=s2414.para.bscc
│ 745 : id=745, hostname=s2414.para.bscc
│ 746 : id=746, hostname=s2414.para.bscc
│ 747 : id=747, hostname=s2414.para.bscc
│ 748 : id=748, hostname=s2414.para.bscc
│ 749 : id=749, hostname=s2414.para.bscc
│ 750 : id=750, hostname=s2414.para.bscc
│ 751 : id=751, hostname=s2414.para.bscc
│ 752 : id=752, hostname=s2414.para.bscc
│ 753 : id=753, hostname=s2414.para.bscc
│ 754 : id=754, hostname=s2414.para.bscc
│ 755 : id=755, hostname=s2414.para.bscc
│ 756 : id=756, hostname=s2414.para.bscc
│ 757 : id=757, hostname=s2414.para.bscc
│ 758 : id=758, hostname=s2414.para.bscc
│ 759 : id=759, hostname=s2414.para.bscc
│ 760 : id=760, hostname=s2414.para.bscc
│ 761 : id=761, hostname=s2414.para.bscc
│ 762 : id=762, hostname=s2414.para.bscc
│ 763 : id=763, hostname=s2414.para.bscc
│ 764 : id=764, hostname=s2414.para.bscc
│ 765 : id=765, hostname=s2414.para.bscc
│ 766 : id=766, hostname=s2414.para.bscc
│ 767 : id=767, hostname=s2414.para.bscc
│ 768 : id=768, hostname=s2414.para.bscc
│ 769 : id=769, hostname=s2414.para.bscc
│ 770 : id=770, hostname=s2414.para.bscc
│ 771 : id=771, hostname=s2414.para.bscc
│ 772 : id=772, hostname=s2414.para.bscc
│ 773 : id=773, hostname=s2414.para.bscc
│ 774 : id=774, hostname=s2414.para.bscc
│ 775 : id=775, hostname=s2414.para.bscc
│ 776 : id=776, hostname=s2414.para.bscc
│ 777 : id=777, hostname=s2414.para.bscc
│ 778 : id=778, hostname=s2406.para.bscc
│ 779 : id=779, hostname=s2406.para.bscc
│ 780 : id=780, hostname=s2406.para.bscc
│ 781 : id=781, hostname=s2406.para.bscc
│ 782 : id=782, hostname=s2406.para.bscc
│ 783 : id=783, hostname=s2406.para.bscc
│ 784 : id=784, hostname=s2406.para.bscc
│ 785 : id=785, hostname=s2406.para.bscc
│ 786 : id=786, hostname=s2406.para.bscc
│ 787 : id=787, hostname=s2406.para.bscc
│ 788 : id=788, hostname=s2406.para.bscc
│ 789 : id=789, hostname=s2406.para.bscc
│ 790 : id=790, hostname=s2406.para.bscc
│ 791 : id=791, hostname=s2406.para.bscc
│ 792 : id=792, hostname=s2406.para.bscc
│ 793 : id=793, hostname=s2406.para.bscc
│ 794 : id=794, hostname=s2406.para.bscc
│ 795 : id=795, hostname=s2406.para.bscc
│ 796 : id=796, hostname=s2406.para.bscc
│ 797 : id=797, hostname=s2406.para.bscc
│ 798 : id=798, hostname=s2406.para.bscc
│ 799 : id=799, hostname=s2406.para.bscc
│ 800 : id=800, hostname=s2406.para.bscc
│ 801 : id=801, hostname=s2406.para.bscc
│ 802 : id=802, hostname=s2406.para.bscc
│ 803 : id=803, hostname=s2406.para.bscc
│ 804 : id=804, hostname=s2406.para.bscc
│ 805 : id=805, hostname=s2406.para.bscc
│ 806 : id=806, hostname=s2406.para.bscc
│ 807 : id=807, hostname=s2406.para.bscc
│ 808 : id=808, hostname=s2406.para.bscc
│ 809 : id=809, hostname=s2406.para.bscc
│ 810 : id=810, hostname=s2406.para.bscc
│ 811 : id=811, hostname=s2406.para.bscc
│ 812 : id=812, hostname=s2406.para.bscc
│ 813 : id=813, hostname=s2406.para.bscc
│ 814 : id=814, hostname=s2406.para.bscc
│ 815 : id=815, hostname=s2406.para.bscc
│ 816 : id=816, hostname=s2406.para.bscc
│ 817 : id=817, hostname=s2406.para.bscc
│ 818 : id=818, hostname=s2406.para.bscc
│ 819 : id=819, hostname=s2406.para.bscc
│ 820 : id=820, hostname=s2406.para.bscc
│ 821 : id=821, hostname=s2406.para.bscc
│ 822 : id=822, hostname=s2406.para.bscc
│ 823 : id=823, hostname=s2406.para.bscc
│ 824 : id=824, hostname=s2406.para.bscc
│ 825 : id=825, hostname=s2406.para.bscc
│ 826 : id=826, hostname=s2406.para.bscc
│ 827 : id=827, hostname=s2406.para.bscc
│ 828 : id=828, hostname=s2406.para.bscc
│ 829 : id=829, hostname=s2406.para.bscc
│ 830 : id=830, hostname=s2406.para.bscc
│ 831 : id=831, hostname=s2406.para.bscc
│ 832 : id=832, hostname=s2406.para.bscc
│ 833 : id=833, hostname=s2406.para.bscc
│ 834 : id=834, hostname=s2406.para.bscc
│ 835 : id=835, hostname=s2406.para.bscc
│ 836 : id=836, hostname=s2406.para.bscc
│ 837 : id=837, hostname=s2406.para.bscc
│ 838 : id=838, hostname=s2406.para.bscc
│ 839 : id=839, hostname=s2406.para.bscc
│ 840 : id=840, hostname=s2406.para.bscc
│ 841 : id=841, hostname=s2405.para.bscc
│ 842 : id=842, hostname=s2405.para.bscc
│ 843 : id=843, hostname=s2405.para.bscc
│ 844 : id=844, hostname=s2405.para.bscc
│ 845 : id=845, hostname=s2405.para.bscc
│ 846 : id=846, hostname=s2405.para.bscc
│ 847 : id=847, hostname=s2405.para.bscc
│ 848 : id=848, hostname=s2405.para.bscc
│ 849 : id=849, hostname=s2405.para.bscc
│ 850 : id=850, hostname=s2405.para.bscc
│ 851 : id=851, hostname=s2405.para.bscc
│ 852 : id=852, hostname=s2405.para.bscc
│ 853 : id=853, hostname=s2405.para.bscc
│ 854 : id=854, hostname=s2405.para.bscc
│ 855 : id=855, hostname=s2405.para.bscc
│ 856 : id=856, hostname=s2405.para.bscc
│ 857 : id=857, hostname=s2405.para.bscc
│ 858 : id=858, hostname=s2405.para.bscc
│ 859 : id=859, hostname=s2405.para.bscc
│ 860 : id=860, hostname=s2405.para.bscc
│ 861 : id=861, hostname=s2405.para.bscc
│ 862 : id=862, hostname=s2405.para.bscc
│ 863 : id=863, hostname=s2405.para.bscc
│ 864 : id=864, hostname=s2405.para.bscc
│ 865 : id=865, hostname=s2405.para.bscc
│ 866 : id=866, hostname=s2405.para.bscc
│ 867 : id=867, hostname=s2405.para.bscc
│ 868 : id=868, hostname=s2405.para.bscc
│ 869 : id=869, hostname=s2405.para.bscc
│ 870 : id=870, hostname=s2405.para.bscc
│ 871 : id=871, hostname=s2405.para.bscc
│ 872 : id=872, hostname=s2405.para.bscc
│ 873 : id=873, hostname=s2405.para.bscc
│ 874 : id=874, hostname=s2405.para.bscc
│ 875 : id=875, hostname=s2405.para.bscc
│ 876 : id=876, hostname=s2405.para.bscc
│ 877 : id=877, hostname=s2405.para.bscc
│ 878 : id=878, hostname=s2405.para.bscc
│ 879 : id=879, hostname=s2405.para.bscc
│ 880 : id=880, hostname=s2405.para.bscc
│ 881 : id=881, hostname=s2405.para.bscc
│ 882 : id=882, hostname=s2405.para.bscc
│ 883 : id=883, hostname=s2405.para.bscc
│ 884 : id=884, hostname=s2405.para.bscc
│ 885 : id=885, hostname=s2405.para.bscc
│ 886 : id=886, hostname=s2405.para.bscc
│ 887 : id=887, hostname=s2405.para.bscc
│ 888 : id=888, hostname=s2405.para.bscc
│ 889 : id=889, hostname=s2405.para.bscc
│ 890 : id=890, hostname=s2405.para.bscc
│ 891 : id=891, hostname=s2405.para.bscc
│ 892 : id=892, hostname=s2405.para.bscc
│ 893 : id=893, hostname=s2405.para.bscc
│ 894 : id=894, hostname=s2405.para.bscc
│ 895 : id=895, hostname=s2405.para.bscc
│ 896 : id=896, hostname=s2405.para.bscc
│ 897 : id=897, hostname=s2405.para.bscc
│ 898 : id=898, hostname=s2405.para.bscc
│ 899 : id=899, hostname=s2405.para.bscc
│ 900 : id=900, hostname=s2405.para.bscc
│ 901 : id=901, hostname=s2405.para.bscc
│ 902 : id=902, hostname=s2405.para.bscc
│ 903 : id=903, hostname=s2405.para.bscc
│ 904 : id=904, hostname=s2213.para.bscc
│ 905 : id=905, hostname=s2213.para.bscc
│ 906 : id=906, hostname=s2213.para.bscc
│ 907 : id=907, hostname=s2213.para.bscc
│ 908 : id=908, hostname=s2213.para.bscc
│ 909 : id=909, hostname=s2213.para.bscc
│ 910 : id=910, hostname=s2213.para.bscc
│ 911 : id=911, hostname=s2213.para.bscc
│ 912 : id=912, hostname=s2213.para.bscc
│ 913 : id=913, hostname=s2213.para.bscc
│ 914 : id=914, hostname=s2213.para.bscc
│ 915 : id=915, hostname=s2213.para.bscc
│ 916 : id=916, hostname=s2213.para.bscc
│ 917 : id=917, hostname=s2213.para.bscc
│ 918 : id=918, hostname=s2213.para.bscc
│ 919 : id=919, hostname=s2213.para.bscc
│ 920 : id=920, hostname=s2213.para.bscc
│ 921 : id=921, hostname=s2213.para.bscc
│ 922 : id=922, hostname=s2213.para.bscc
│ 923 : id=923, hostname=s2213.para.bscc
│ 924 : id=924, hostname=s2213.para.bscc
│ 925 : id=925, hostname=s2213.para.bscc
│ 926 : id=926, hostname=s2213.para.bscc
│ 927 : id=927, hostname=s2213.para.bscc
│ 928 : id=928, hostname=s2213.para.bscc
│ 929 : id=929, hostname=s2213.para.bscc
│ 930 : id=930, hostname=s2213.para.bscc
│ 931 : id=931, hostname=s2213.para.bscc
│ 932 : id=932, hostname=s2213.para.bscc
│ 933 : id=933, hostname=s2213.para.bscc
│ 934 : id=934, hostname=s2213.para.bscc
│ 935 : id=935, hostname=s2213.para.bscc
│ 936 : id=936, hostname=s2213.para.bscc
│ 937 : id=937, hostname=s2213.para.bscc
│ 938 : id=938, hostname=s2213.para.bscc
│ 939 : id=939, hostname=s2213.para.bscc
│ 940 : id=940, hostname=s2213.para.bscc
│ 941 : id=941, hostname=s2213.para.bscc
│ 942 : id=942, hostname=s2213.para.bscc
│ 943 : id=943, hostname=s2213.para.bscc
│ 944 : id=944, hostname=s2213.para.bscc
│ 945 : id=945, hostname=s2213.para.bscc
│ 946 : id=946, hostname=s2213.para.bscc
│ 947 : id=947, hostname=s2213.para.bscc
│ 948 : id=948, hostname=s2213.para.bscc
│ 949 : id=949, hostname=s2213.para.bscc
│ 950 : id=950, hostname=s2213.para.bscc
│ 951 : id=951, hostname=s2213.para.bscc
│ 952 : id=952, hostname=s2213.para.bscc
│ 953 : id=953, hostname=s2213.para.bscc
│ 954 : id=954, hostname=s2213.para.bscc
│ 955 : id=955, hostname=s2213.para.bscc
│ 956 : id=956, hostname=s2213.para.bscc
│ 957 : id=957, hostname=s2213.para.bscc
│ 958 : id=958, hostname=s2213.para.bscc
│ 959 : id=959, hostname=s2213.para.bscc
│ 960 : id=960, hostname=s2213.para.bscc
│ 961 : id=961, hostname=s2213.para.bscc
│ 962 : id=962, hostname=s2213.para.bscc
│ 963 : id=963, hostname=s2213.para.bscc
│ 964 : id=964, hostname=s2213.para.bscc
│ 965 : id=965, hostname=s2213.para.bscc
│ 966 : id=966, hostname=s2213.para.bscc
│ 967 : id=967, hostname=s2308.para.bscc
│ 968 : id=968, hostname=s2308.para.bscc
│ 969 : id=969, hostname=s2308.para.bscc
│ 970 : id=970, hostname=s2308.para.bscc
│ 971 : id=971, hostname=s2308.para.bscc
│ 972 : id=972, hostname=s2308.para.bscc
│ 973 : id=973, hostname=s2308.para.bscc
│ 974 : id=974, hostname=s2308.para.bscc
│ 975 : id=975, hostname=s2308.para.bscc
│ 976 : id=976, hostname=s2308.para.bscc
│ 977 : id=977, hostname=s2308.para.bscc
│ 978 : id=978, hostname=s2308.para.bscc
│ 979 : id=979, hostname=s2308.para.bscc
│ 980 : id=980, hostname=s2308.para.bscc
│ 981 : id=981, hostname=s2308.para.bscc
│ 982 : id=982, hostname=s2308.para.bscc
│ 983 : id=983, hostname=s2308.para.bscc
│ 984 : id=984, hostname=s2308.para.bscc
│ 985 : id=985, hostname=s2308.para.bscc
│ 986 : id=986, hostname=s2308.para.bscc
│ 987 : id=987, hostname=s2308.para.bscc
│ 988 : id=988, hostname=s2308.para.bscc
│ 989 : id=989, hostname=s2308.para.bscc
│ 990 : id=990, hostname=s2308.para.bscc
│ 991 : id=991, hostname=s2308.para.bscc
│ 992 : id=992, hostname=s2308.para.bscc
│ 993 : id=993, hostname=s2308.para.bscc
│ 994 : id=994, hostname=s2308.para.bscc
│ 995 : id=995, hostname=s2308.para.bscc
│ 996 : id=996, hostname=s2308.para.bscc
│ 997 : id=997, hostname=s2308.para.bscc
│ 998 : id=998, hostname=s2308.para.bscc
│ 999 : id=999, hostname=s2308.para.bscc
│ 1000 : id=1000, hostname=s2308.para.bscc
│ 1001 : id=1001, hostname=s2308.para.bscc
│ 1002 : id=1002, hostname=s2308.para.bscc
│ 1003 : id=1003, hostname=s2308.para.bscc
│ 1004 : id=1004, hostname=s2308.para.bscc
│ 1005 : id=1005, hostname=s2308.para.bscc
│ 1006 : id=1006, hostname=s2308.para.bscc
│ 1007 : id=1007, hostname=s2308.para.bscc
│ 1008 : id=1008, hostname=s2308.para.bscc
│ 1009 : id=1009, hostname=s2308.para.bscc
│ 1010 : id=1010, hostname=s2308.para.bscc
│ 1011 : id=1011, hostname=s2308.para.bscc
│ 1012 : id=1012, hostname=s2308.para.bscc
│ 1013 : id=1013, hostname=s2308.para.bscc
│ 1014 : id=1014, hostname=s2308.para.bscc
│ 1015 : id=1015, hostname=s2308.para.bscc
│ 1016 : id=1016, hostname=s2308.para.bscc
│ 1017 : id=1017, hostname=s2308.para.bscc
│ 1018 : id=1018, hostname=s2308.para.bscc
│ 1019 : id=1019, hostname=s2308.para.bscc
│ 1020 : id=1020, hostname=s2308.para.bscc
│ 1021 : id=1021, hostname=s2308.para.bscc
│ 1022 : id=1022, hostname=s2308.para.bscc
│ 1023 : id=1023, hostname=s2308.para.bscc
│ 1024 : id=1024, hostname=s2308.para.bscc
│ 1025 : id=1025, hostname=s2308.para.bscc
│ 1026 : id=1026, hostname=s2308.para.bscc
│ 1027 : id=1027, hostname=s2308.para.bscc
│ 1028 : id=1028, hostname=s2308.para.bscc
│ 1029 : id=1029, hostname=s2308.para.bscc
│ 1030 : id=1030, hostname=t1516.para.bscc
│ 1031 : id=1031, hostname=t1516.para.bscc
│ 1032 : id=1032, hostname=t1516.para.bscc
│ 1033 : id=1033, hostname=t1516.para.bscc
│ 1034 : id=1034, hostname=t1516.para.bscc
│ 1035 : id=1035, hostname=t1516.para.bscc
│ 1036 : id=1036, hostname=t1516.para.bscc
│ 1037 : id=1037, hostname=t1516.para.bscc
│ 1038 : id=1038, hostname=t1516.para.bscc
│ 1039 : id=1039, hostname=t1516.para.bscc
│ 1040 : id=1040, hostname=t1516.para.bscc
│ 1041 : id=1041, hostname=t1516.para.bscc
│ 1042 : id=1042, hostname=t1516.para.bscc
│ 1043 : id=1043, hostname=t1516.para.bscc
│ 1044 : id=1044, hostname=t1516.para.bscc
│ 1045 : id=1045, hostname=t1516.para.bscc
│ 1046 : id=1046, hostname=t1516.para.bscc
│ 1047 : id=1047, hostname=t1516.para.bscc
│ 1048 : id=1048, hostname=t1516.para.bscc
│ 1049 : id=1049, hostname=t1516.para.bscc
│ 1050 : id=1050, hostname=t1516.para.bscc
│ 1051 : id=1051, hostname=t1516.para.bscc
│ 1052 : id=1052, hostname=t1516.para.bscc
│ 1053 : id=1053, hostname=t1516.para.bscc
│ 1054 : id=1054, hostname=t1516.para.bscc
│ 1055 : id=1055, hostname=t1516.para.bscc
│ 1056 : id=1056, hostname=t1516.para.bscc
│ 1057 : id=1057, hostname=t1516.para.bscc
│ 1058 : id=1058, hostname=t1516.para.bscc
│ 1059 : id=1059, hostname=t1516.para.bscc
│ 1060 : id=1060, hostname=t1516.para.bscc
│ 1061 : id=1061, hostname=t1516.para.bscc
│ 1062 : id=1062, hostname=t1516.para.bscc
│ 1063 : id=1063, hostname=t1516.para.bscc
│ 1064 : id=1064, hostname=t1516.para.bscc
│ 1065 : id=1065, hostname=t1516.para.bscc
│ 1066 : id=1066, hostname=t1516.para.bscc
│ 1067 : id=1067, hostname=t1516.para.bscc
│ 1068 : id=1068, hostname=t1516.para.bscc
│ 1069 : id=1069, hostname=t1516.para.bscc
│ 1070 : id=1070, hostname=t1516.para.bscc
│ 1071 : id=1071, hostname=t1516.para.bscc
│ 1072 : id=1072, hostname=t1516.para.bscc
│ 1073 : id=1073, hostname=t1516.para.bscc
│ 1074 : id=1074, hostname=t1516.para.bscc
│ 1075 : id=1075, hostname=t1516.para.bscc
│ 1076 : id=1076, hostname=t1516.para.bscc
│ 1077 : id=1077, hostname=t1516.para.bscc
│ 1078 : id=1078, hostname=t1516.para.bscc
│ 1079 : id=1079, hostname=t1516.para.bscc
│ 1080 : id=1080, hostname=t1516.para.bscc
│ 1081 : id=1081, hostname=t1516.para.bscc
│ 1082 : id=1082, hostname=t1516.para.bscc
│ 1083 : id=1083, hostname=t1516.para.bscc
│ 1084 : id=1084, hostname=t1516.para.bscc
│ 1085 : id=1085, hostname=t1516.para.bscc
│ 1086 : id=1086, hostname=t1516.para.bscc
│ 1087 : id=1087, hostname=t1516.para.bscc
│ 1088 : id=1088, hostname=t1516.para.bscc
│ 1089 : id=1089, hostname=t1516.para.bscc
│ 1090 : id=1090, hostname=t1516.para.bscc
│ 1091 : id=1091, hostname=t1516.para.bscc
│ 1092 : id=1092, hostname=t1516.para.bscc
│ 1093 : id=1093, hostname=s1411.para.bscc
│ 1094 : id=1094, hostname=s1411.para.bscc
│ 1095 : id=1095, hostname=s1411.para.bscc
│ 1096 : id=1096, hostname=s1411.para.bscc
│ 1097 : id=1097, hostname=s1411.para.bscc
│ 1098 : id=1098, hostname=s1411.para.bscc
│ 1099 : id=1099, hostname=s1411.para.bscc
│ 1100 : id=1100, hostname=s1411.para.bscc
│ 1101 : id=1101, hostname=s1411.para.bscc
│ 1102 : id=1102, hostname=s1411.para.bscc
│ 1103 : id=1103, hostname=s1411.para.bscc
│ 1104 : id=1104, hostname=s1411.para.bscc
│ 1105 : id=1105, hostname=s1411.para.bscc
│ 1106 : id=1106, hostname=s1411.para.bscc
│ 1107 : id=1107, hostname=s1411.para.bscc
│ 1108 : id=1108, hostname=s1411.para.bscc
│ 1109 : id=1109, hostname=s1411.para.bscc
│ 1110 : id=1110, hostname=s1411.para.bscc
│ 1111 : id=1111, hostname=s1411.para.bscc
│ 1112 : id=1112, hostname=s1411.para.bscc
│ 1113 : id=1113, hostname=s1411.para.bscc
│ 1114 : id=1114, hostname=s1411.para.bscc
│ 1115 : id=1115, hostname=s1411.para.bscc
│ 1116 : id=1116, hostname=s1411.para.bscc
│ 1117 : id=1117, hostname=s1411.para.bscc
│ 1118 : id=1118, hostname=s1411.para.bscc
│ 1119 : id=1119, hostname=s1411.para.bscc
│ 1120 : id=1120, hostname=s1411.para.bscc
│ 1121 : id=1121, hostname=s1411.para.bscc
│ 1122 : id=1122, hostname=s1411.para.bscc
│ 1123 : id=1123, hostname=s1411.para.bscc
│ 1124 : id=1124, hostname=s1411.para.bscc
│ 1125 : id=1125, hostname=s1411.para.bscc
│ 1126 : id=1126, hostname=s1411.para.bscc
│ 1127 : id=1127, hostname=s1411.para.bscc
│ 1128 : id=1128, hostname=s1411.para.bscc
│ 1129 : id=1129, hostname=s1411.para.bscc
│ 1130 : id=1130, hostname=s1411.para.bscc
│ 1131 : id=1131, hostname=s1411.para.bscc
│ 1132 : id=1132, hostname=s1411.para.bscc
│ 1133 : id=1133, hostname=s1411.para.bscc
│ 1134 : id=1134, hostname=s1411.para.bscc
│ 1135 : id=1135, hostname=s1411.para.bscc
│ 1136 : id=1136, hostname=s1411.para.bscc
│ 1137 : id=1137, hostname=s1411.para.bscc
│ 1138 : id=1138, hostname=s1411.para.bscc
│ 1139 : id=1139, hostname=s1411.para.bscc
│ 1140 : id=1140, hostname=s1411.para.bscc
│ 1141 : id=1141, hostname=s1411.para.bscc
│ 1142 : id=1142, hostname=s1411.para.bscc
│ 1143 : id=1143, hostname=s1411.para.bscc
│ 1144 : id=1144, hostname=s1411.para.bscc
│ 1145 : id=1145, hostname=s1411.para.bscc
│ 1146 : id=1146, hostname=s1411.para.bscc
│ 1147 : id=1147, hostname=s1411.para.bscc
│ 1148 : id=1148, hostname=s1411.para.bscc
│ 1149 : id=1149, hostname=s1411.para.bscc
│ 1150 : id=1150, hostname=s1411.para.bscc
│ 1151 : id=1151, hostname=s1411.para.bscc
│ 1152 : id=1152, hostname=s1411.para.bscc
│ 1153 : id=1153, hostname=s1411.para.bscc
│ 1154 : id=1154, hostname=s1411.para.bscc
│ 1155 : id=1155, hostname=s1411.para.bscc
│ 1156 : id=1156, hostname=s2506.para.bscc
│ 1157 : id=1157, hostname=s2506.para.bscc
│ 1158 : id=1158, hostname=s2506.para.bscc
│ 1159 : id=1159, hostname=s2506.para.bscc
│ 1160 : id=1160, hostname=s2506.para.bscc
│ 1161 : id=1161, hostname=s2506.para.bscc
│ 1162 : id=1162, hostname=s2506.para.bscc
│ 1163 : id=1163, hostname=s2506.para.bscc
│ 1164 : id=1164, hostname=s2506.para.bscc
│ 1165 : id=1165, hostname=s2506.para.bscc
│ 1166 : id=1166, hostname=s2506.para.bscc
│ 1167 : id=1167, hostname=s2506.para.bscc
│ 1168 : id=1168, hostname=s2506.para.bscc
│ 1169 : id=1169, hostname=s2506.para.bscc
│ 1170 : id=1170, hostname=s2506.para.bscc
│ 1171 : id=1171, hostname=s2506.para.bscc
│ 1172 : id=1172, hostname=s2506.para.bscc
│ 1173 : id=1173, hostname=s2506.para.bscc
│ 1174 : id=1174, hostname=s2506.para.bscc
│ 1175 : id=1175, hostname=s2506.para.bscc
│ 1176 : id=1176, hostname=s2506.para.bscc
│ 1177 : id=1177, hostname=s2506.para.bscc
│ 1178 : id=1178, hostname=s2506.para.bscc
│ 1179 : id=1179, hostname=s2506.para.bscc
│ 1180 : id=1180, hostname=s2506.para.bscc
│ 1181 : id=1181, hostname=s2506.para.bscc
│ 1182 : id=1182, hostname=s2506.para.bscc
│ 1183 : id=1183, hostname=s2506.para.bscc
│ 1184 : id=1184, hostname=s2506.para.bscc
│ 1185 : id=1185, hostname=s2506.para.bscc
│ 1186 : id=1186, hostname=s2506.para.bscc
│ 1187 : id=1187, hostname=s2506.para.bscc
│ 1188 : id=1188, hostname=s2506.para.bscc
│ 1189 : id=1189, hostname=s2506.para.bscc
│ 1190 : id=1190, hostname=s2506.para.bscc
│ 1191 : id=1191, hostname=s2506.para.bscc
│ 1192 : id=1192, hostname=s2506.para.bscc
│ 1193 : id=1193, hostname=s2506.para.bscc
│ 1194 : id=1194, hostname=s2506.para.bscc
│ 1195 : id=1195, hostname=s2506.para.bscc
│ 1196 : id=1196, hostname=s2506.para.bscc
│ 1197 : id=1197, hostname=s2506.para.bscc
│ 1198 : id=1198, hostname=s2506.para.bscc
│ 1199 : id=1199, hostname=s2506.para.bscc
│ 1200 : id=1200, hostname=s2506.para.bscc
│ 1201 : id=1201, hostname=s2506.para.bscc
│ 1202 : id=1202, hostname=s2506.para.bscc
│ 1203 : id=1203, hostname=s2506.para.bscc
│ 1204 : id=1204, hostname=s2506.para.bscc
│ 1205 : id=1205, hostname=s2506.para.bscc
│ 1206 : id=1206, hostname=s2506.para.bscc
│ 1207 : id=1207, hostname=s2506.para.bscc
│ 1208 : id=1208, hostname=s2506.para.bscc
│ 1209 : id=1209, hostname=s2506.para.bscc
│ 1210 : id=1210, hostname=s2506.para.bscc
│ 1211 : id=1211, hostname=s2506.para.bscc
│ 1212 : id=1212, hostname=s2506.para.bscc
│ 1213 : id=1213, hostname=s2506.para.bscc
│ 1214 : id=1214, hostname=s2506.para.bscc
│ 1215 : id=1215, hostname=s2506.para.bscc
│ 1216 : id=1216, hostname=s2506.para.bscc
│ 1217 : id=1217, hostname=s2506.para.bscc
│ 1218 : id=1218, hostname=s2506.para.bscc
│ 1219 : id=1219, hostname=s2503.para.bscc
│ 1220 : id=1220, hostname=s2503.para.bscc
│ 1221 : id=1221, hostname=s2503.para.bscc
│ 1222 : id=1222, hostname=s2503.para.bscc
│ 1223 : id=1223, hostname=s2503.para.bscc
│ 1224 : id=1224, hostname=s2503.para.bscc
│ 1225 : id=1225, hostname=s2503.para.bscc
│ 1226 : id=1226, hostname=s2503.para.bscc
│ 1227 : id=1227, hostname=s2503.para.bscc
│ 1228 : id=1228, hostname=s2503.para.bscc
│ 1229 : id=1229, hostname=s2503.para.bscc
│ 1230 : id=1230, hostname=s2503.para.bscc
│ 1231 : id=1231, hostname=s2503.para.bscc
│ 1232 : id=1232, hostname=s2503.para.bscc
│ 1233 : id=1233, hostname=s2503.para.bscc
│ 1234 : id=1234, hostname=s2503.para.bscc
│ 1235 : id=1235, hostname=s2503.para.bscc
│ 1236 : id=1236, hostname=s2503.para.bscc
│ 1237 : id=1237, hostname=s2503.para.bscc
│ 1238 : id=1238, hostname=s2503.para.bscc
│ 1239 : id=1239, hostname=s2503.para.bscc
│ 1240 : id=1240, hostname=s2503.para.bscc
│ 1241 : id=1241, hostname=s2503.para.bscc
│ 1242 : id=1242, hostname=s2503.para.bscc
│ 1243 : id=1243, hostname=s2503.para.bscc
│ 1244 : id=1244, hostname=s2503.para.bscc
│ 1245 : id=1245, hostname=s2503.para.bscc
│ 1246 : id=1246, hostname=s2503.para.bscc
│ 1247 : id=1247, hostname=s2503.para.bscc
│ 1248 : id=1248, hostname=s2503.para.bscc
│ 1249 : id=1249, hostname=s2503.para.bscc
│ 1250 : id=1250, hostname=s2503.para.bscc
│ 1251 : id=1251, hostname=s2503.para.bscc
│ 1252 : id=1252, hostname=s2503.para.bscc
│ 1253 : id=1253, hostname=s2503.para.bscc
│ 1254 : id=1254, hostname=s2503.para.bscc
│ 1255 : id=1255, hostname=s2503.para.bscc
│ 1256 : id=1256, hostname=s2503.para.bscc
│ 1257 : id=1257, hostname=s2503.para.bscc
│ 1258 : id=1258, hostname=s2503.para.bscc
│ 1259 : id=1259, hostname=s2503.para.bscc
│ 1260 : id=1260, hostname=s2503.para.bscc
│ 1261 : id=1261, hostname=s2503.para.bscc
│ 1262 : id=1262, hostname=s2503.para.bscc
│ 1263 : id=1263, hostname=s2503.para.bscc
│ 1264 : id=1264, hostname=s2503.para.bscc
│ 1265 : id=1265, hostname=s2503.para.bscc
│ 1266 : id=1266, hostname=s2503.para.bscc
│ 1267 : id=1267, hostname=s2503.para.bscc
│ 1268 : id=1268, hostname=s2503.para.bscc
│ 1269 : id=1269, hostname=s2503.para.bscc
│ 1270 : id=1270, hostname=s2503.para.bscc
│ 1271 : id=1271, hostname=s2503.para.bscc
│ 1272 : id=1272, hostname=s2503.para.bscc
│ 1273 : id=1273, hostname=s2503.para.bscc
│ 1274 : id=1274, hostname=s2503.para.bscc
│ 1275 : id=1275, hostname=s2503.para.bscc
│ 1276 : id=1276, hostname=s2503.para.bscc
│ 1277 : id=1277, hostname=s2503.para.bscc
│ 1278 : id=1278, hostname=s2503.para.bscc
│ 1279 : id=1279, hostname=s2503.para.bscc
│ 1280 : id=1280, hostname=s2503.para.bscc
│ 1281 : id=1281, hostname=s2503.para.bscc
│ 
└ -------------------------------------------
